{"C:\\Users\\Neetu patel\\OneDrive\\Desktop\\Odoo_2026\\Odoo-Hackathon-2026\\backend\\app.js": {"path":"C:\\Users\\Neetu patel\\OneDrive\\Desktop\\Odoo_2026\\Odoo-Hackathon-2026\\backend\\app.js","statementMap":{"0":{"start":{"line":1,"column":0},"end":{"line":1,"column":27}},"1":{"start":{"line":2,"column":16},"end":{"line":2,"column":34}},"2":{"start":{"line":3,"column":13},"end":{"line":3,"column":28}},"3":{"start":{"line":4,"column":15},"end":{"line":4,"column":32}},"4":{"start":{"line":5,"column":18},"end":{"line":5,"column":47}},"5":{"start":{"line":6,"column":15},"end":{"line":6,"column":32}},"6":{"start":{"line":7,"column":20},"end":{"line":7,"column":42}},"7":{"start":{"line":8,"column":25},"end":{"line":8,"column":62}},"8":{"start":{"line":9,"column":18},"end":{"line":9,"column":52}},"9":{"start":{"line":11,"column":12},"end":{"line":11,"column":21}},"10":{"start":{"line":14,"column":0},"end":{"line":14,"column":19}},"11":{"start":{"line":17,"column":0},"end":{"line":33,"column":4}},"12":{"start":{"line":36,"column":0},"end":{"line":36,"column":58}},"13":{"start":{"line":39,"column":0},"end":{"line":39,"column":41}},"14":{"start":{"line":40,"column":0},"end":{"line":40,"column":48}},"15":{"start":{"line":43,"column":0},"end":{"line":45,"column":1}},"16":{"start":{"line":44,"column":2},"end":{"line":44,"column":25}},"17":{"start":{"line":48,"column":0},"end":{"line":48,"column":23}},"18":{"start":{"line":51,"column":19},"end":{"line":56,"column":2}},"19":{"start":{"line":55,"column":25},"end":{"line":55,"column":83}},"20":{"start":{"line":58,"column":0},"end":{"line":58,"column":28}},"21":{"start":{"line":61,"column":0},"end":{"line":63,"column":3}},"22":{"start":{"line":62,"column":2},"end":{"line":62,"column":29}},"23":{"start":{"line":66,"column":0},"end":{"line":66,"column":91}},"24":{"start":{"line":67,"column":0},"end":{"line":67,"column":84}},"25":{"start":{"line":68,"column":0},"end":{"line":68,"column":76}},"26":{"start":{"line":69,"column":0},"end":{"line":69,"column":77}},"27":{"start":{"line":70,"column":0},"end":{"line":70,"column":82}},"28":{"start":{"line":71,"column":0},"end":{"line":71,"column":83}},"29":{"start":{"line":74,"column":0},"end":{"line":74,"column":22}},"30":{"start":{"line":76,"column":0},"end":{"line":76,"column":21}}},"fnMap":{"0":{"name":"(anonymous_0)","decl":{"start":{"line":55,"column":16},"end":{"line":55,"column":17}},"loc":{"start":{"line":55,"column":25},"end":{"line":55,"column":83}},"line":55},"1":{"name":"(anonymous_1)","decl":{"start":{"line":61,"column":23},"end":{"line":61,"column":24}},"loc":{"start":{"line":61,"column":37},"end":{"line":63,"column":1}},"line":61}},"branchMap":{"0":{"loc":{"start":{"line":36,"column":23},"end":{"line":36,"column":53}},"type":"binary-expr","locations":[{"start":{"line":36,"column":23},"end":{"line":36,"column":46}},{"start":{"line":36,"column":50},"end":{"line":36,"column":53}}],"line":36},"1":{"loc":{"start":{"line":43,"column":0},"end":{"line":45,"column":1}},"type":"if","locations":[{"start":{"line":43,"column":0},"end":{"line":45,"column":1}},{"start":{},"end":{}}],"line":43},"2":{"loc":{"start":{"line":53,"column":7},"end":{"line":53,"column":40}},"type":"binary-expr","locations":[{"start":{"line":53,"column":7},"end":{"line":53,"column":33}},{"start":{"line":53,"column":37},"end":{"line":53,"column":40}}],"line":53},"3":{"loc":{"start":{"line":55,"column":25},"end":{"line":55,"column":83}},"type":"binary-expr","locations":[{"start":{"line":55,"column":25},"end":{"line":55,"column":34}},{"start":{"line":55,"column":38},"end":{"line":55,"column":68}},{"start":{"line":55,"column":72},"end":{"line":55,"column":83}}],"line":55}},"s":{"0":2,"1":2,"2":2,"3":2,"4":2,"5":2,"6":2,"7":2,"8":2,"9":2,"10":2,"11":2,"12":2,"13":2,"14":2,"15":2,"16":0,"17":2,"18":2,"19":4,"20":2,"21":2,"22":0,"23":2,"24":2,"25":2,"26":2,"27":2,"28":2,"29":2,"30":2},"f":{"0":4,"1":0},"b":{"0":[2,0],"1":[0,2],"2":[2,0],"3":[4,0,0]},"_coverageSchema":"1a1c01bbd47fc00a2c39e90264f33305004495a9","hash":"8c03c8e37dea7f742b1abecdb424ace03432b1b8"}
,"C:\\Users\\Neetu patel\\OneDrive\\Desktop\\Odoo_2026\\Odoo-Hackathon-2026\\backend\\config\\cloudinary.js": {"path":"C:\\Users\\Neetu patel\\OneDrive\\Desktop\\Odoo_2026\\Odoo-Hackathon-2026\\backend\\config\\cloudinary.js","statementMap":{"0":{"start":{"line":1,"column":19},"end":{"line":1,"column":43}},"1":{"start":{"line":3,"column":0},"end":{"line":7,"column":3}},"2":{"start":{"line":9,"column":0},"end":{"line":9,"column":28}}},"fnMap":{},"branchMap":{},"s":{"0":2,"1":2,"2":2},"f":{},"b":{},"_coverageSchema":"1a1c01bbd47fc00a2c39e90264f33305004495a9","hash":"38f65df9fe0c65614a38f3f652fc19800ed71550"}
,"C:\\Users\\Neetu patel\\OneDrive\\Desktop\\Odoo_2026\\Odoo-Hackathon-2026\\backend\\config\\db.js": {"path":"C:\\Users\\Neetu patel\\OneDrive\\Desktop\\Odoo_2026\\Odoo-Hackathon-2026\\backend\\config\\db.js","statementMap":{"0":{"start":{"line":1,"column":25},"end":{"line":1,"column":50}},"1":{"start":{"line":5,"column":0},"end":{"line":13,"column":1}},"2":{"start":{"line":6,"column":2},"end":{"line":6,"column":30}},"3":{"start":{"line":9,"column":2},"end":{"line":11,"column":3}},"4":{"start":{"line":10,"column":4},"end":{"line":10,"column":39}},"5":{"start":{"line":12,"column":2},"end":{"line":12,"column":25}},"6":{"start":{"line":15,"column":0},"end":{"line":15,"column":24}}},"fnMap":{},"branchMap":{"0":{"loc":{"start":{"line":5,"column":0},"end":{"line":13,"column":1}},"type":"if","locations":[{"start":{"line":5,"column":0},"end":{"line":13,"column":1}},{"start":{"line":7,"column":7},"end":{"line":13,"column":1}}],"line":5},"1":{"loc":{"start":{"line":9,"column":2},"end":{"line":11,"column":3}},"type":"if","locations":[{"start":{"line":9,"column":2},"end":{"line":11,"column":3}},{"start":{},"end":{}}],"line":9}},"s":{"0":7,"1":7,"2":0,"3":7,"4":7,"5":7,"6":7},"f":{},"b":{"0":[0,7],"1":[7,0]},"_coverageSchema":"1a1c01bbd47fc00a2c39e90264f33305004495a9","hash":"26acd1bc066226d34fec1e796fe128b927ca2da0"}
,"C:\\Users\\Neetu patel\\OneDrive\\Desktop\\Odoo_2026\\Odoo-Hackathon-2026\\backend\\config\\multer.js": {"path":"C:\\Users\\Neetu patel\\OneDrive\\Desktop\\Odoo_2026\\Odoo-Hackathon-2026\\backend\\config\\multer.js","statementMap":{"0":{"start":{"line":1,"column":15},"end":{"line":1,"column":32}},"1":{"start":{"line":3,"column":16},"end":{"line":3,"column":38}},"2":{"start":{"line":5,"column":19},"end":{"line":12,"column":1}},"3":{"start":{"line":6,"column":23},"end":{"line":6,"column":69}},"4":{"start":{"line":7,"column":2},"end":{"line":11,"column":3}},"5":{"start":{"line":8,"column":4},"end":{"line":8,"column":19}},"6":{"start":{"line":10,"column":4},"end":{"line":10,"column":84}},"7":{"start":{"line":14,"column":15},"end":{"line":20,"column":2}},"8":{"start":{"line":22,"column":0},"end":{"line":22,"column":24}}},"fnMap":{"0":{"name":"(anonymous_0)","decl":{"start":{"line":5,"column":19},"end":{"line":5,"column":20}},"loc":{"start":{"line":5,"column":38},"end":{"line":12,"column":1}},"line":5}},"branchMap":{"0":{"loc":{"start":{"line":7,"column":2},"end":{"line":11,"column":3}},"type":"if","locations":[{"start":{"line":7,"column":2},"end":{"line":11,"column":3}},{"start":{"line":9,"column":9},"end":{"line":11,"column":3}}],"line":7}},"s":{"0":2,"1":2,"2":2,"3":0,"4":0,"5":0,"6":0,"7":2,"8":2},"f":{"0":0},"b":{"0":[0,0]},"_coverageSchema":"1a1c01bbd47fc00a2c39e90264f33305004495a9","hash":"fe07ee60de6d25e7afdcf9b5286c55bff7ee0e06"}
,"C:\\Users\\Neetu patel\\OneDrive\\Desktop\\Odoo_2026\\Odoo-Hackathon-2026\\backend\\controllers\\gamification\\badge.controller.js": {"path":"C:\\Users\\Neetu patel\\OneDrive\\Desktop\\Odoo_2026\\Odoo-Hackathon-2026\\backend\\controllers\\gamification\\badge.controller.js","statementMap":{"0":{"start":{"line":1,"column":21},"end":{"line":1,"column":56}},"1":{"start":{"line":2,"column":20},"end":{"line":2,"column":54}},"2":{"start":{"line":3,"column":21},"end":{"line":3,"column":73}},"3":{"start":{"line":5,"column":20},"end":{"line":8,"column":2}},"4":{"start":{"line":6,"column":16},"end":{"line":6,"column":56}},"5":{"start":{"line":7,"column":2},"end":{"line":7,"column":67}},"6":{"start":{"line":10,"column":19},"end":{"line":13,"column":2}},"7":{"start":{"line":11,"column":17},"end":{"line":11,"column":48}},"8":{"start":{"line":12,"column":2},"end":{"line":12,"column":71}},"9":{"start":{"line":15,"column":26},"end":{"line":18,"column":2}},"10":{"start":{"line":16,"column":17},"end":{"line":16,"column":78}},"11":{"start":{"line":17,"column":2},"end":{"line":17,"column":80}},"12":{"start":{"line":20,"column":0},"end":{"line":24,"column":2}}},"fnMap":{"0":{"name":"(anonymous_0)","decl":{"start":{"line":5,"column":33},"end":{"line":5,"column":34}},"loc":{"start":{"line":5,"column":53},"end":{"line":8,"column":1}},"line":5},"1":{"name":"(anonymous_1)","decl":{"start":{"line":10,"column":32},"end":{"line":10,"column":33}},"loc":{"start":{"line":10,"column":52},"end":{"line":13,"column":1}},"line":10},"2":{"name":"(anonymous_2)","decl":{"start":{"line":15,"column":39},"end":{"line":15,"column":40}},"loc":{"start":{"line":15,"column":59},"end":{"line":18,"column":1}},"line":15}},"branchMap":{},"s":{"0":2,"1":2,"2":2,"3":2,"4":0,"5":0,"6":2,"7":0,"8":0,"9":2,"10":0,"11":0,"12":2},"f":{"0":0,"1":0,"2":0},"b":{},"_coverageSchema":"1a1c01bbd47fc00a2c39e90264f33305004495a9","hash":"ca9abb93dba03b3c6dfe1b4b15ac1d0fe14c3da0"}
,"C:\\Users\\Neetu patel\\OneDrive\\Desktop\\Odoo_2026\\Odoo-Hackathon-2026\\backend\\controllers\\gamification\\challenge.controller.js": {"path":"C:\\Users\\Neetu patel\\OneDrive\\Desktop\\Odoo_2026\\Odoo-Hackathon-2026\\backend\\controllers\\gamification\\challenge.controller.js","statementMap":{"0":{"start":{"line":1,"column":21},"end":{"line":1,"column":56}},"1":{"start":{"line":2,"column":20},"end":{"line":2,"column":54}},"2":{"start":{"line":3,"column":25},"end":{"line":3,"column":81}},"3":{"start":{"line":5,"column":24},"end":{"line":8,"column":2}},"4":{"start":{"line":6,"column":20},"end":{"line":6,"column":81}},"5":{"start":{"line":7,"column":2},"end":{"line":7,"column":75}},"6":{"start":{"line":10,"column":23},"end":{"line":19,"column":2}},"7":{"start":{"line":11,"column":46},"end":{"line":11,"column":55}},"8":{"start":{"line":12,"column":17},"end":{"line":17,"column":4}},"9":{"start":{"line":18,"column":2},"end":{"line":18,"column":93}},"10":{"start":{"line":21,"column":25},"end":{"line":24,"column":2}},"11":{"start":{"line":22,"column":20},"end":{"line":22,"column":84}},"12":{"start":{"line":23,"column":2},"end":{"line":23,"column":77}},"13":{"start":{"line":26,"column":24},"end":{"line":29,"column":2}},"14":{"start":{"line":27,"column":20},"end":{"line":27,"column":93}},"15":{"start":{"line":28,"column":2},"end":{"line":28,"column":75}},"16":{"start":{"line":31,"column":21},"end":{"line":34,"column":2}},"17":{"start":{"line":32,"column":20},"end":{"line":32,"column":101}},"18":{"start":{"line":33,"column":2},"end":{"line":33,"column":82}},"19":{"start":{"line":36,"column":24},"end":{"line":39,"column":2}},"20":{"start":{"line":37,"column":17},"end":{"line":37,"column":80}},"21":{"start":{"line":38,"column":2},"end":{"line":38,"column":46}},"22":{"start":{"line":41,"column":0},"end":{"line":48,"column":2}}},"fnMap":{"0":{"name":"(anonymous_0)","decl":{"start":{"line":5,"column":37},"end":{"line":5,"column":38}},"loc":{"start":{"line":5,"column":57},"end":{"line":8,"column":1}},"line":5},"1":{"name":"(anonymous_1)","decl":{"start":{"line":10,"column":36},"end":{"line":10,"column":37}},"loc":{"start":{"line":10,"column":56},"end":{"line":19,"column":1}},"line":10},"2":{"name":"(anonymous_2)","decl":{"start":{"line":21,"column":38},"end":{"line":21,"column":39}},"loc":{"start":{"line":21,"column":58},"end":{"line":24,"column":1}},"line":21},"3":{"name":"(anonymous_3)","decl":{"start":{"line":26,"column":37},"end":{"line":26,"column":38}},"loc":{"start":{"line":26,"column":57},"end":{"line":29,"column":1}},"line":26},"4":{"name":"(anonymous_4)","decl":{"start":{"line":31,"column":34},"end":{"line":31,"column":35}},"loc":{"start":{"line":31,"column":54},"end":{"line":34,"column":1}},"line":31},"5":{"name":"(anonymous_5)","decl":{"start":{"line":36,"column":37},"end":{"line":36,"column":38}},"loc":{"start":{"line":36,"column":57},"end":{"line":39,"column":1}},"line":36}},"branchMap":{"0":{"loc":{"start":{"line":13,"column":12},"end":{"line":13,"column":49}},"type":"cond-expr","locations":[{"start":{"line":13,"column":21},"end":{"line":13,"column":37}},{"start":{"line":13,"column":40},"end":{"line":13,"column":49}}],"line":13},"1":{"loc":{"start":{"line":14,"column":16},"end":{"line":14,"column":61}},"type":"cond-expr","locations":[{"start":{"line":14,"column":29},"end":{"line":14,"column":49}},{"start":{"line":14,"column":52},"end":{"line":14,"column":61}}],"line":14},"2":{"loc":{"start":{"line":15,"column":10},"end":{"line":15,"column":35}},"type":"cond-expr","locations":[{"start":{"line":15,"column":17},"end":{"line":15,"column":31}},{"start":{"line":15,"column":34},"end":{"line":15,"column":35}}],"line":15},"3":{"loc":{"start":{"line":16,"column":11},"end":{"line":16,"column":39}},"type":"cond-expr","locations":[{"start":{"line":16,"column":19},"end":{"line":16,"column":34}},{"start":{"line":16,"column":37},"end":{"line":16,"column":39}}],"line":16}},"s":{"0":2,"1":2,"2":2,"3":2,"4":0,"5":0,"6":2,"7":1,"8":1,"9":1,"10":2,"11":0,"12":0,"13":2,"14":1,"15":0,"16":2,"17":2,"18":1,"19":2,"20":0,"21":0,"22":2},"f":{"0":0,"1":1,"2":0,"3":1,"4":2,"5":0},"b":{"0":[0,1],"1":[0,1],"2":[1,0],"3":[1,0]},"_coverageSchema":"1a1c01bbd47fc00a2c39e90264f33305004495a9","hash":"531f5d85541757c87a779a97233a77df053104ed"}
,"C:\\Users\\Neetu patel\\OneDrive\\Desktop\\Odoo_2026\\Odoo-Hackathon-2026\\backend\\controllers\\gamification\\leaderboard.controller.js": {"path":"C:\\Users\\Neetu patel\\OneDrive\\Desktop\\Odoo_2026\\Odoo-Hackathon-2026\\backend\\controllers\\gamification\\leaderboard.controller.js","statementMap":{"0":{"start":{"line":1,"column":21},"end":{"line":1,"column":56}},"1":{"start":{"line":2,"column":20},"end":{"line":2,"column":54}},"2":{"start":{"line":3,"column":27},"end":{"line":3,"column":85}},"3":{"start":{"line":5,"column":23},"end":{"line":21,"column":2}},"4":{"start":{"line":6,"column":41},"end":{"line":6,"column":50}},"5":{"start":{"line":9,"column":2},"end":{"line":18,"column":3}},"6":{"start":{"line":10,"column":4},"end":{"line":12,"column":7}},"7":{"start":{"line":14,"column":4},"end":{"line":17,"column":7}},"8":{"start":{"line":20,"column":2},"end":{"line":20,"column":76}},"9":{"start":{"line":23,"column":0},"end":{"line":25,"column":2}}},"fnMap":{"0":{"name":"(anonymous_0)","decl":{"start":{"line":5,"column":36},"end":{"line":5,"column":37}},"loc":{"start":{"line":5,"column":56},"end":{"line":21,"column":1}},"line":5}},"branchMap":{"0":{"loc":{"start":{"line":9,"column":2},"end":{"line":18,"column":3}},"type":"if","locations":[{"start":{"line":9,"column":2},"end":{"line":18,"column":3}},{"start":{"line":13,"column":9},"end":{"line":18,"column":3}}],"line":9},"1":{"loc":{"start":{"line":11,"column":13},"end":{"line":11,"column":41}},"type":"cond-expr","locations":[{"start":{"line":11,"column":21},"end":{"line":11,"column":36}},{"start":{"line":11,"column":39},"end":{"line":11,"column":41}}],"line":11},"2":{"loc":{"start":{"line":15,"column":13},"end":{"line":15,"column":41}},"type":"cond-expr","locations":[{"start":{"line":15,"column":21},"end":{"line":15,"column":36}},{"start":{"line":15,"column":39},"end":{"line":15,"column":41}}],"line":15},"3":{"loc":{"start":{"line":16,"column":20},"end":{"line":16,"column":69}},"type":"cond-expr","locations":[{"start":{"line":16,"column":35},"end":{"line":16,"column":57}},{"start":{"line":16,"column":60},"end":{"line":16,"column":69}}],"line":16}},"s":{"0":2,"1":2,"2":2,"3":2,"4":0,"5":0,"6":0,"7":0,"8":0,"9":2},"f":{"0":0},"b":{"0":[0,0],"1":[0,0],"2":[0,0],"3":[0,0]},"_coverageSchema":"1a1c01bbd47fc00a2c39e90264f33305004495a9","hash":"cceb559972ce11b60119825e36c2537e42ab32f4"}
,"C:\\Users\\Neetu patel\\OneDrive\\Desktop\\Odoo_2026\\Odoo-Hackathon-2026\\backend\\controllers\\gamification\\notification.controller.js": {"path":"C:\\Users\\Neetu patel\\OneDrive\\Desktop\\Odoo_2026\\Odoo-Hackathon-2026\\backend\\controllers\\gamification\\notification.controller.js","statementMap":{"0":{"start":{"line":1,"column":21},"end":{"line":1,"column":56}},"1":{"start":{"line":2,"column":20},"end":{"line":2,"column":54}},"2":{"start":{"line":3,"column":28},"end":{"line":3,"column":74}},"3":{"start":{"line":5,"column":25},"end":{"line":12,"column":2}},"4":{"start":{"line":6,"column":26},"end":{"line":6,"column":35}},"5":{"start":{"line":7,"column":17},"end":{"line":10,"column":4}},"6":{"start":{"line":11,"column":2},"end":{"line":11,"column":96}},"7":{"start":{"line":14,"column":19},"end":{"line":17,"column":2}},"8":{"start":{"line":15,"column":23},"end":{"line":15,"column":97}},"9":{"start":{"line":16,"column":2},"end":{"line":16,"column":75}},"10":{"start":{"line":19,"column":0},"end":{"line":22,"column":2}}},"fnMap":{"0":{"name":"(anonymous_0)","decl":{"start":{"line":5,"column":38},"end":{"line":5,"column":39}},"loc":{"start":{"line":5,"column":58},"end":{"line":12,"column":1}},"line":5},"1":{"name":"(anonymous_1)","decl":{"start":{"line":14,"column":32},"end":{"line":14,"column":33}},"loc":{"start":{"line":14,"column":52},"end":{"line":17,"column":1}},"line":14}},"branchMap":{"0":{"loc":{"start":{"line":8,"column":10},"end":{"line":8,"column":35}},"type":"cond-expr","locations":[{"start":{"line":8,"column":17},"end":{"line":8,"column":31}},{"start":{"line":8,"column":34},"end":{"line":8,"column":35}}],"line":8},"1":{"loc":{"start":{"line":9,"column":11},"end":{"line":9,"column":39}},"type":"cond-expr","locations":[{"start":{"line":9,"column":19},"end":{"line":9,"column":34}},{"start":{"line":9,"column":37},"end":{"line":9,"column":39}}],"line":9}},"s":{"0":2,"1":2,"2":2,"3":2,"4":0,"5":0,"6":0,"7":2,"8":0,"9":0,"10":2},"f":{"0":0,"1":0},"b":{"0":[0,0],"1":[0,0]},"_coverageSchema":"1a1c01bbd47fc00a2c39e90264f33305004495a9","hash":"267e117789951522ee5e1531b1e0269f686eb1ed"}
,"C:\\Users\\Neetu patel\\OneDrive\\Desktop\\Odoo_2026\\Odoo-Hackathon-2026\\backend\\controllers\\gamification\\participation.controller.js": {"path":"C:\\Users\\Neetu patel\\OneDrive\\Desktop\\Odoo_2026\\Odoo-Hackathon-2026\\backend\\controllers\\gamification\\participation.controller.js","statementMap":{"0":{"start":{"line":1,"column":21},"end":{"line":1,"column":56}},"1":{"start":{"line":2,"column":20},"end":{"line":2,"column":54}},"2":{"start":{"line":3,"column":29},"end":{"line":3,"column":89}},"3":{"start":{"line":5,"column":22},"end":{"line":8,"column":2}},"4":{"start":{"line":6,"column":24},"end":{"line":6,"column":102}},"5":{"start":{"line":7,"column":2},"end":{"line":7,"column":78}},"6":{"start":{"line":10,"column":23},"end":{"line":17,"column":2}},"7":{"start":{"line":11,"column":24},"end":{"line":15,"column":3}},"8":{"start":{"line":16,"column":2},"end":{"line":16,"column":78}},"9":{"start":{"line":19,"column":20},"end":{"line":29,"column":2}},"10":{"start":{"line":20,"column":2},"end":{"line":22,"column":3}},"11":{"start":{"line":21,"column":4},"end":{"line":21,"column":40}},"12":{"start":{"line":23,"column":24},"end":{"line":27,"column":3}},"13":{"start":{"line":28,"column":2},"end":{"line":28,"column":76}},"14":{"start":{"line":31,"column":29},"end":{"line":38,"column":2}},"15":{"start":{"line":32,"column":24},"end":{"line":36,"column":3}},"16":{"start":{"line":37,"column":2},"end":{"line":37,"column":84}},"17":{"start":{"line":40,"column":28},"end":{"line":47,"column":2}},"18":{"start":{"line":41,"column":24},"end":{"line":45,"column":3}},"19":{"start":{"line":46,"column":2},"end":{"line":46,"column":84}},"20":{"start":{"line":49,"column":27},"end":{"line":56,"column":2}},"21":{"start":{"line":50,"column":26},"end":{"line":50,"column":35}},"22":{"start":{"line":51,"column":17},"end":{"line":54,"column":4}},"23":{"start":{"line":55,"column":2},"end":{"line":55,"column":97}},"24":{"start":{"line":58,"column":0},"end":{"line":65,"column":2}}},"fnMap":{"0":{"name":"(anonymous_0)","decl":{"start":{"line":5,"column":35},"end":{"line":5,"column":36}},"loc":{"start":{"line":5,"column":55},"end":{"line":8,"column":1}},"line":5},"1":{"name":"(anonymous_1)","decl":{"start":{"line":10,"column":36},"end":{"line":10,"column":37}},"loc":{"start":{"line":10,"column":56},"end":{"line":17,"column":1}},"line":10},"2":{"name":"(anonymous_2)","decl":{"start":{"line":19,"column":33},"end":{"line":19,"column":34}},"loc":{"start":{"line":19,"column":53},"end":{"line":29,"column":1}},"line":19},"3":{"name":"(anonymous_3)","decl":{"start":{"line":31,"column":42},"end":{"line":31,"column":43}},"loc":{"start":{"line":31,"column":62},"end":{"line":38,"column":1}},"line":31},"4":{"name":"(anonymous_4)","decl":{"start":{"line":40,"column":41},"end":{"line":40,"column":42}},"loc":{"start":{"line":40,"column":61},"end":{"line":47,"column":1}},"line":40},"5":{"name":"(anonymous_5)","decl":{"start":{"line":49,"column":40},"end":{"line":49,"column":41}},"loc":{"start":{"line":49,"column":60},"end":{"line":56,"column":1}},"line":49}},"branchMap":{"0":{"loc":{"start":{"line":20,"column":2},"end":{"line":22,"column":3}},"type":"if","locations":[{"start":{"line":20,"column":2},"end":{"line":22,"column":3}},{"start":{},"end":{}}],"line":20},"1":{"loc":{"start":{"line":52,"column":10},"end":{"line":52,"column":35}},"type":"cond-expr","locations":[{"start":{"line":52,"column":17},"end":{"line":52,"column":31}},{"start":{"line":52,"column":34},"end":{"line":52,"column":35}}],"line":52},"2":{"loc":{"start":{"line":53,"column":11},"end":{"line":53,"column":39}},"type":"cond-expr","locations":[{"start":{"line":53,"column":19},"end":{"line":53,"column":34}},{"start":{"line":53,"column":37},"end":{"line":53,"column":39}}],"line":53}},"s":{"0":2,"1":2,"2":2,"3":2,"4":0,"5":0,"6":2,"7":0,"8":0,"9":2,"10":0,"11":0,"12":0,"13":0,"14":2,"15":0,"16":0,"17":2,"18":0,"19":0,"20":2,"21":0,"22":0,"23":0,"24":2},"f":{"0":0,"1":0,"2":0,"3":0,"4":0,"5":0},"b":{"0":[0,0],"1":[0,0],"2":[0,0]},"_coverageSchema":"1a1c01bbd47fc00a2c39e90264f33305004495a9","hash":"04e1e5433560a2dafd106ba5e03c33fa73a9bfcd"}
,"C:\\Users\\Neetu patel\\OneDrive\\Desktop\\Odoo_2026\\Odoo-Hackathon-2026\\backend\\controllers\\gamification\\reward.controller.js": {"path":"C:\\Users\\Neetu patel\\OneDrive\\Desktop\\Odoo_2026\\Odoo-Hackathon-2026\\backend\\controllers\\gamification\\reward.controller.js","statementMap":{"0":{"start":{"line":1,"column":21},"end":{"line":1,"column":56}},"1":{"start":{"line":2,"column":20},"end":{"line":2,"column":54}},"2":{"start":{"line":3,"column":22},"end":{"line":3,"column":75}},"3":{"start":{"line":5,"column":20},"end":{"line":8,"column":2}},"4":{"start":{"line":6,"column":18},"end":{"line":6,"column":51}},"5":{"start":{"line":7,"column":2},"end":{"line":7,"column":73}},"6":{"start":{"line":10,"column":21},"end":{"line":13,"column":2}},"7":{"start":{"line":11,"column":17},"end":{"line":11,"column":59}},"8":{"start":{"line":12,"column":2},"end":{"line":12,"column":69}},"9":{"start":{"line":15,"column":21},"end":{"line":18,"column":2}},"10":{"start":{"line":16,"column":21},"end":{"line":16,"column":85}},"11":{"start":{"line":17,"column":2},"end":{"line":17,"column":74}},"12":{"start":{"line":20,"column":0},"end":{"line":24,"column":2}}},"fnMap":{"0":{"name":"(anonymous_0)","decl":{"start":{"line":5,"column":33},"end":{"line":5,"column":34}},"loc":{"start":{"line":5,"column":53},"end":{"line":8,"column":1}},"line":5},"1":{"name":"(anonymous_1)","decl":{"start":{"line":10,"column":34},"end":{"line":10,"column":35}},"loc":{"start":{"line":10,"column":54},"end":{"line":13,"column":1}},"line":10},"2":{"name":"(anonymous_2)","decl":{"start":{"line":15,"column":34},"end":{"line":15,"column":35}},"loc":{"start":{"line":15,"column":54},"end":{"line":18,"column":1}},"line":15}},"branchMap":{},"s":{"0":2,"1":2,"2":2,"3":2,"4":0,"5":0,"6":2,"7":0,"8":0,"9":2,"10":0,"11":0,"12":2},"f":{"0":0,"1":0,"2":0},"b":{},"_coverageSchema":"1a1c01bbd47fc00a2c39e90264f33305004495a9","hash":"e9349a4dbb416cc5f262f7d16ec5e8dcc8652897"}
,"C:\\Users\\Neetu patel\\OneDrive\\Desktop\\Odoo_2026\\Odoo-Hackathon-2026\\backend\\middlewares\\auth.js": {"path":"C:\\Users\\Neetu patel\\OneDrive\\Desktop\\Odoo_2026\\Odoo-Hackathon-2026\\backend\\middlewares\\auth.js","statementMap":{"0":{"start":{"line":1,"column":12},"end":{"line":1,"column":35}},"1":{"start":{"line":2,"column":21},"end":{"line":2,"column":46}},"2":{"start":{"line":4,"column":21},"end":{"line":29,"column":1}},"3":{"start":{"line":5,"column":21},"end":{"line":5,"column":46}},"4":{"start":{"line":7,"column":2},"end":{"line":9,"column":3}},"5":{"start":{"line":8,"column":4},"end":{"line":8,"column":49}},"6":{"start":{"line":11,"column":16},"end":{"line":11,"column":39}},"7":{"start":{"line":13,"column":2},"end":{"line":28,"column":3}},"8":{"start":{"line":14,"column":20},"end":{"line":14,"column":61}},"9":{"start":{"line":15,"column":4},"end":{"line":18,"column":6}},"10":{"start":{"line":19,"column":4},"end":{"line":19,"column":11}},"11":{"start":{"line":21,"column":4},"end":{"line":23,"column":5}},"12":{"start":{"line":22,"column":6},"end":{"line":22,"column":47}},"13":{"start":{"line":24,"column":4},"end":{"line":26,"column":5}},"14":{"start":{"line":25,"column":6},"end":{"line":25,"column":47}},"15":{"start":{"line":27,"column":4},"end":{"line":27,"column":53}},"16":{"start":{"line":31,"column":18},"end":{"line":43,"column":1}},"17":{"start":{"line":32,"column":2},"end":{"line":42,"column":4}},"18":{"start":{"line":33,"column":4},"end":{"line":35,"column":5}},"19":{"start":{"line":34,"column":6},"end":{"line":34,"column":57}},"20":{"start":{"line":37,"column":4},"end":{"line":39,"column":5}},"21":{"start":{"line":38,"column":6},"end":{"line":38,"column":58}},"22":{"start":{"line":41,"column":4},"end":{"line":41,"column":11}},"23":{"start":{"line":45,"column":0},"end":{"line":45,"column":45}}},"fnMap":{"0":{"name":"(anonymous_0)","decl":{"start":{"line":4,"column":21},"end":{"line":4,"column":22}},"loc":{"start":{"line":4,"column":41},"end":{"line":29,"column":1}},"line":4},"1":{"name":"(anonymous_1)","decl":{"start":{"line":31,"column":18},"end":{"line":31,"column":19}},"loc":{"start":{"line":31,"column":32},"end":{"line":43,"column":1}},"line":31},"2":{"name":"(anonymous_2)","decl":{"start":{"line":32,"column":9},"end":{"line":32,"column":10}},"loc":{"start":{"line":32,"column":29},"end":{"line":42,"column":3}},"line":32}},"branchMap":{"0":{"loc":{"start":{"line":7,"column":2},"end":{"line":9,"column":3}},"type":"if","locations":[{"start":{"line":7,"column":2},"end":{"line":9,"column":3}},{"start":{},"end":{}}],"line":7},"1":{"loc":{"start":{"line":7,"column":6},"end":{"line":7,"column":54}},"type":"binary-expr","locations":[{"start":{"line":7,"column":6},"end":{"line":7,"column":17}},{"start":{"line":7,"column":21},"end":{"line":7,"column":54}}],"line":7},"2":{"loc":{"start":{"line":21,"column":4},"end":{"line":23,"column":5}},"type":"if","locations":[{"start":{"line":21,"column":4},"end":{"line":23,"column":5}},{"start":{},"end":{}}],"line":21},"3":{"loc":{"start":{"line":24,"column":4},"end":{"line":26,"column":5}},"type":"if","locations":[{"start":{"line":24,"column":4},"end":{"line":26,"column":5}},{"start":{},"end":{}}],"line":24},"4":{"loc":{"start":{"line":33,"column":4},"end":{"line":35,"column":5}},"type":"if","locations":[{"start":{"line":33,"column":4},"end":{"line":35,"column":5}},{"start":{},"end":{}}],"line":33},"5":{"loc":{"start":{"line":37,"column":4},"end":{"line":39,"column":5}},"type":"if","locations":[{"start":{"line":37,"column":4},"end":{"line":39,"column":5}},{"start":{},"end":{}}],"line":37}},"s":{"0":2,"1":2,"2":2,"3":4,"4":4,"5":0,"6":4,"7":4,"8":4,"9":4,"10":4,"11":0,"12":0,"13":0,"14":0,"15":0,"16":2,"17":18,"18":3,"19":0,"20":3,"21":0,"22":3,"23":2},"f":{"0":4,"1":18,"2":3},"b":{"0":[0,4],"1":[4,4],"2":[0,0],"3":[0,0],"4":[0,3],"5":[0,3]},"_coverageSchema":"1a1c01bbd47fc00a2c39e90264f33305004495a9","hash":"660c43a9fdd482c50b5dac9f1f29e7e02ceb6e6d"}
,"C:\\Users\\Neetu patel\\OneDrive\\Desktop\\Odoo_2026\\Odoo-Hackathon-2026\\backend\\middlewares\\errorHandler.js": {"path":"C:\\Users\\Neetu patel\\OneDrive\\Desktop\\Odoo_2026\\Odoo-Hackathon-2026\\backend\\middlewares\\errorHandler.js","statementMap":{"0":{"start":{"line":1,"column":16},"end":{"line":1,"column":34}},"1":{"start":{"line":2,"column":24},"end":{"line":2,"column":60}},"2":{"start":{"line":4,"column":18},"end":{"line":8,"column":1}},"3":{"start":{"line":10,"column":19},"end":{"line":17,"column":1}},"4":{"start":{"line":20,"column":0},"end":{"line":36,"column":1}},"5":{"start":{"line":21,"column":2},"end":{"line":35,"column":4}},"6":{"start":{"line":38,"column":15},"end":{"line":42,"column":2}},"7":{"start":{"line":46,"column":4},"end":{"line":46,"column":19}},"8":{"start":{"line":47,"column":4},"end":{"line":47,"column":33}},"9":{"start":{"line":48,"column":4},"end":{"line":48,"column":39}},"10":{"start":{"line":49,"column":4},"end":{"line":53,"column":5}},"11":{"start":{"line":50,"column":6},"end":{"line":50,"column":25}},"12":{"start":{"line":52,"column":6},"end":{"line":52,"column":54}},"13":{"start":{"line":57,"column":21},"end":{"line":88,"column":1}},"14":{"start":{"line":58,"column":32},"end":{"line":58,"column":35}},"15":{"start":{"line":60,"column":18},"end":{"line":67,"column":3}},"16":{"start":{"line":69,"column":2},"end":{"line":78,"column":3}},"17":{"start":{"line":70,"column":4},"end":{"line":70,"column":26}},"18":{"start":{"line":72,"column":4},"end":{"line":72,"column":21}},"19":{"start":{"line":73,"column":4},"end":{"line":73,"column":38}},"20":{"start":{"line":74,"column":4},"end":{"line":77,"column":7}},"21":{"start":{"line":80,"column":19},"end":{"line":85,"column":3}},"22":{"start":{"line":87,"column":2},"end":{"line":87,"column":40}},"23":{"start":{"line":90,"column":0},"end":{"line":90,"column":52}}},"fnMap":{"0":{"name":"(anonymous_0)","decl":{"start":{"line":45,"column":2},"end":{"line":45,"column":3}},"loc":{"start":{"line":45,"column":69},"end":{"line":54,"column":3}},"line":45},"1":{"name":"(anonymous_1)","decl":{"start":{"line":57,"column":21},"end":{"line":57,"column":22}},"loc":{"start":{"line":57,"column":46},"end":{"line":88,"column":1}},"line":57}},"branchMap":{"0":{"loc":{"start":{"line":20,"column":0},"end":{"line":36,"column":1}},"type":"if","locations":[{"start":{"line":20,"column":0},"end":{"line":36,"column":1}},{"start":{},"end":{}}],"line":20},"1":{"loc":{"start":{"line":39,"column":9},"end":{"line":39,"column":40}},"type":"binary-expr","locations":[{"start":{"line":39,"column":9},"end":{"line":39,"column":30}},{"start":{"line":39,"column":34},"end":{"line":39,"column":40}}],"line":39},"2":{"loc":{"start":{"line":45,"column":35},"end":{"line":45,"column":55}},"type":"default-arg","locations":[{"start":{"line":45,"column":51},"end":{"line":45,"column":55}}],"line":45},"3":{"loc":{"start":{"line":45,"column":57},"end":{"line":45,"column":67}},"type":"default-arg","locations":[{"start":{"line":45,"column":65},"end":{"line":45,"column":67}}],"line":45},"4":{"loc":{"start":{"line":49,"column":4},"end":{"line":53,"column":5}},"type":"if","locations":[{"start":{"line":49,"column":4},"end":{"line":53,"column":5}},{"start":{"line":51,"column":11},"end":{"line":53,"column":5}}],"line":49},"5":{"loc":{"start":{"line":65,"column":16},"end":{"line":65,"column":51}},"type":"binary-expr","locations":[{"start":{"line":65,"column":16},"end":{"line":65,"column":30}},{"start":{"line":65,"column":34},"end":{"line":65,"column":44}},{"start":{"line":65,"column":48},"end":{"line":65,"column":51}}],"line":65},"6":{"loc":{"start":{"line":69,"column":2},"end":{"line":78,"column":3}},"type":"if","locations":[{"start":{"line":69,"column":2},"end":{"line":78,"column":3}},{"start":{"line":71,"column":9},"end":{"line":78,"column":3}}],"line":69},"7":{"loc":{"start":{"line":84,"column":8},"end":{"line":84,"column":70}},"type":"binary-expr","locations":[{"start":{"line":84,"column":8},"end":{"line":84,"column":46}},{"start":{"line":84,"column":50},"end":{"line":84,"column":70}}],"line":84}},"s":{"0":5,"1":5,"2":5,"3":5,"4":5,"5":0,"6":5,"7":27,"8":27,"9":27,"10":27,"11":0,"12":27,"13":5,"14":2,"15":2,"16":2,"17":2,"18":0,"19":0,"20":0,"21":2,"22":2,"23":5},"f":{"0":27,"1":2},"b":{"0":[0,5],"1":[5,5],"2":[27],"3":[27],"4":[0,27],"5":[2,0,0],"6":[2,0],"7":[2,0]},"_coverageSchema":"1a1c01bbd47fc00a2c39e90264f33305004495a9","hash":"ee0cf3e9c97a8f368196bb788819f77ac5599b68"}
,"C:\\Users\\Neetu patel\\OneDrive\\Desktop\\Odoo_2026\\Odoo-Hackathon-2026\\backend\\middlewares\\redeemRateLimiter.js": {"path":"C:\\Users\\Neetu patel\\OneDrive\\Desktop\\Odoo_2026\\Odoo-Hackathon-2026\\backend\\middlewares\\redeemRateLimiter.js","statementMap":{"0":{"start":{"line":1,"column":18},"end":{"line":1,"column":47}},"1":{"start":{"line":3,"column":26},"end":{"line":10,"column":2}},"2":{"start":{"line":6,"column":25},"end":{"line":6,"column":107}},"3":{"start":{"line":12,"column":0},"end":{"line":12,"column":35}}},"fnMap":{"0":{"name":"(anonymous_0)","decl":{"start":{"line":6,"column":16},"end":{"line":6,"column":17}},"loc":{"start":{"line":6,"column":25},"end":{"line":6,"column":107}},"line":6}},"branchMap":{"0":{"loc":{"start":{"line":6,"column":32},"end":{"line":6,"column":106}},"type":"binary-expr","locations":[{"start":{"line":6,"column":32},"end":{"line":6,"column":44}},{"start":{"line":6,"column":48},"end":{"line":6,"column":57}},{"start":{"line":6,"column":61},"end":{"line":6,"column":91}},{"start":{"line":6,"column":95},"end":{"line":6,"column":106}}],"line":6}},"s":{"0":2,"1":2,"2":0,"3":2},"f":{"0":0},"b":{"0":[0,0,0,0]},"_coverageSchema":"1a1c01bbd47fc00a2c39e90264f33305004495a9","hash":"09f32172ebbaf0cbd10a6192a78b9458ed7f8788"}
,"C:\\Users\\Neetu patel\\OneDrive\\Desktop\\Odoo_2026\\Odoo-Hackathon-2026\\backend\\middlewares\\requestId.js": {"path":"C:\\Users\\Neetu patel\\OneDrive\\Desktop\\Odoo_2026\\Odoo-Hackathon-2026\\backend\\middlewares\\requestId.js","statementMap":{"0":{"start":{"line":1,"column":23},"end":{"line":1,"column":38}},"1":{"start":{"line":3,"column":18},"end":{"line":7,"column":1}},"2":{"start":{"line":4,"column":2},"end":{"line":4,"column":51}},"3":{"start":{"line":5,"column":2},"end":{"line":5,"column":40}},"4":{"start":{"line":6,"column":2},"end":{"line":6,"column":9}},"5":{"start":{"line":9,"column":0},"end":{"line":9,"column":27}}},"fnMap":{"0":{"name":"(anonymous_0)","decl":{"start":{"line":3,"column":18},"end":{"line":3,"column":19}},"loc":{"start":{"line":3,"column":38},"end":{"line":7,"column":1}},"line":3}},"branchMap":{"0":{"loc":{"start":{"line":4,"column":11},"end":{"line":4,"column":50}},"type":"binary-expr","locations":[{"start":{"line":4,"column":11},"end":{"line":4,"column":38}},{"start":{"line":4,"column":42},"end":{"line":4,"column":50}}],"line":4}},"s":{"0":2,"1":2,"2":4,"3":4,"4":4,"5":2},"f":{"0":4},"b":{"0":[4,4]},"_coverageSchema":"1a1c01bbd47fc00a2c39e90264f33305004495a9","hash":"1ad8ef753d60db545b3ab2cbecce5ada93d539c5"}
,"C:\\Users\\Neetu patel\\OneDrive\\Desktop\\Odoo_2026\\Odoo-Hackathon-2026\\backend\\middlewares\\validate.js": {"path":"C:\\Users\\Neetu patel\\OneDrive\\Desktop\\Odoo_2026\\Odoo-Hackathon-2026\\backend\\middlewares\\validate.js","statementMap":{"0":{"start":{"line":1,"column":21},"end":{"line":1,"column":35}},"1":{"start":{"line":2,"column":21},"end":{"line":2,"column":46}},"2":{"start":{"line":4,"column":17},"end":{"line":22,"column":1}},"3":{"start":{"line":5,"column":2},"end":{"line":21,"column":4}},"4":{"start":{"line":6,"column":4},"end":{"line":20,"column":5}},"5":{"start":{"line":7,"column":19},"end":{"line":7,"column":30}},"6":{"start":{"line":8,"column":28},"end":{"line":8,"column":46}},"7":{"start":{"line":9,"column":6},"end":{"line":9,"column":34}},"8":{"start":{"line":10,"column":6},"end":{"line":10,"column":13}},"9":{"start":{"line":12,"column":6},"end":{"line":18,"column":7}},"10":{"start":{"line":13,"column":30},"end":{"line":16,"column":11}},"11":{"start":{"line":13,"column":55},"end":{"line":16,"column":9}},"12":{"start":{"line":17,"column":8},"end":{"line":17,"column":90}},"13":{"start":{"line":19,"column":6},"end":{"line":19,"column":18}},"14":{"start":{"line":24,"column":0},"end":{"line":24,"column":26}}},"fnMap":{"0":{"name":"(anonymous_0)","decl":{"start":{"line":4,"column":17},"end":{"line":4,"column":18}},"loc":{"start":{"line":4,"column":46},"end":{"line":22,"column":1}},"line":4},"1":{"name":"(anonymous_1)","decl":{"start":{"line":5,"column":9},"end":{"line":5,"column":10}},"loc":{"start":{"line":5,"column":29},"end":{"line":21,"column":3}},"line":5},"2":{"name":"(anonymous_2)","decl":{"start":{"line":13,"column":47},"end":{"line":13,"column":48}},"loc":{"start":{"line":13,"column":55},"end":{"line":16,"column":9}},"line":13}},"branchMap":{"0":{"loc":{"start":{"line":4,"column":26},"end":{"line":4,"column":41}},"type":"default-arg","locations":[{"start":{"line":4,"column":35},"end":{"line":4,"column":41}}],"line":4},"1":{"loc":{"start":{"line":12,"column":6},"end":{"line":18,"column":7}},"type":"if","locations":[{"start":{"line":12,"column":6},"end":{"line":18,"column":7}},{"start":{},"end":{}}],"line":12}},"s":{"0":2,"1":2,"2":2,"3":12,"4":3,"5":3,"6":3,"7":3,"8":3,"9":0,"10":0,"11":0,"12":0,"13":0,"14":2},"f":{"0":12,"1":3,"2":0},"b":{"0":[12],"1":[0,0]},"_coverageSchema":"1a1c01bbd47fc00a2c39e90264f33305004495a9","hash":"4bbc84203e0b50518931d3a0b2f58c88c4e3dd7c"}
,"C:\\Users\\Neetu patel\\OneDrive\\Desktop\\Odoo_2026\\Odoo-Hackathon-2026\\backend\\routes\\gamification\\badge.routes.js": {"path":"C:\\Users\\Neetu patel\\OneDrive\\Desktop\\Odoo_2026\\Odoo-Hackathon-2026\\backend\\routes\\gamification\\badge.routes.js","statementMap":{"0":{"start":{"line":1,"column":16},"end":{"line":1,"column":34}},"1":{"start":{"line":2,"column":15},"end":{"line":2,"column":31}},"2":{"start":{"line":3,"column":36},"end":{"line":3,"column":69}},"3":{"start":{"line":4,"column":17},"end":{"line":4,"column":54}},"4":{"start":{"line":5,"column":30},"end":{"line":5,"column":73}},"5":{"start":{"line":6,"column":24},"end":{"line":6,"column":82}},"6":{"start":{"line":8,"column":0},"end":{"line":8,"column":115}},"7":{"start":{"line":9,"column":0},"end":{"line":9,"column":64}},"8":{"start":{"line":10,"column":0},"end":{"line":10,"column":85}},"9":{"start":{"line":12,"column":0},"end":{"line":12,"column":24}}},"fnMap":{},"branchMap":{},"s":{"0":2,"1":2,"2":2,"3":2,"4":2,"5":2,"6":2,"7":2,"8":2,"9":2},"f":{},"b":{},"_coverageSchema":"1a1c01bbd47fc00a2c39e90264f33305004495a9","hash":"0e7c9d4f3ff71a06a8adbb4d90ae78ac0eb964d2"}
,"C:\\Users\\Neetu patel\\OneDrive\\Desktop\\Odoo_2026\\Odoo-Hackathon-2026\\backend\\routes\\gamification\\challenge.routes.js": {"path":"C:\\Users\\Neetu patel\\OneDrive\\Desktop\\Odoo_2026\\Odoo-Hackathon-2026\\backend\\routes\\gamification\\challenge.routes.js","statementMap":{"0":{"start":{"line":1,"column":16},"end":{"line":1,"column":34}},"1":{"start":{"line":2,"column":15},"end":{"line":2,"column":31}},"2":{"start":{"line":3,"column":36},"end":{"line":3,"column":69}},"3":{"start":{"line":4,"column":17},"end":{"line":4,"column":54}},"4":{"start":{"line":5,"column":77},"end":{"line":5,"column":124}},"5":{"start":{"line":6,"column":28},"end":{"line":6,"column":90}},"6":{"start":{"line":8,"column":0},"end":{"line":8,"column":132}},"7":{"start":{"line":9,"column":0},"end":{"line":9,"column":66}},"8":{"start":{"line":10,"column":0},"end":{"line":10,"column":71}},"9":{"start":{"line":11,"column":0},"end":{"line":11,"column":134}},"10":{"start":{"line":12,"column":0},"end":{"line":12,"column":137}},"11":{"start":{"line":13,"column":0},"end":{"line":13,"column":93}},"12":{"start":{"line":15,"column":0},"end":{"line":15,"column":24}}},"fnMap":{},"branchMap":{},"s":{"0":2,"1":2,"2":2,"3":2,"4":2,"5":2,"6":2,"7":2,"8":2,"9":2,"10":2,"11":2,"12":2},"f":{},"b":{},"_coverageSchema":"1a1c01bbd47fc00a2c39e90264f33305004495a9","hash":"94ec31c344ed83e4c80d01cbc09d8407e9f2283e"}
,"C:\\Users\\Neetu patel\\OneDrive\\Desktop\\Odoo_2026\\Odoo-Hackathon-2026\\backend\\routes\\gamification\\leaderboard.routes.js": {"path":"C:\\Users\\Neetu patel\\OneDrive\\Desktop\\Odoo_2026\\Odoo-Hackathon-2026\\backend\\routes\\gamification\\leaderboard.routes.js","statementMap":{"0":{"start":{"line":1,"column":16},"end":{"line":1,"column":34}},"1":{"start":{"line":2,"column":15},"end":{"line":2,"column":31}},"2":{"start":{"line":3,"column":25},"end":{"line":3,"column":58}},"3":{"start":{"line":4,"column":30},"end":{"line":4,"column":94}},"4":{"start":{"line":6,"column":0},"end":{"line":6,"column":79}},"5":{"start":{"line":8,"column":0},"end":{"line":8,"column":24}}},"fnMap":{},"branchMap":{},"s":{"0":2,"1":2,"2":2,"3":2,"4":2,"5":2},"f":{},"b":{},"_coverageSchema":"1a1c01bbd47fc00a2c39e90264f33305004495a9","hash":"a39da1c9362e1df4259b452230708baf2f6fc2b5"}
,"C:\\Users\\Neetu patel\\OneDrive\\Desktop\\Odoo_2026\\Odoo-Hackathon-2026\\backend\\routes\\gamification\\notification.routes.js": {"path":"C:\\Users\\Neetu patel\\OneDrive\\Desktop\\Odoo_2026\\Odoo-Hackathon-2026\\backend\\routes\\gamification\\notification.routes.js","statementMap":{"0":{"start":{"line":1,"column":16},"end":{"line":1,"column":34}},"1":{"start":{"line":2,"column":15},"end":{"line":2,"column":31}},"2":{"start":{"line":3,"column":25},"end":{"line":3,"column":58}},"3":{"start":{"line":4,"column":31},"end":{"line":4,"column":96}},"4":{"start":{"line":6,"column":0},"end":{"line":6,"column":84}},"5":{"start":{"line":7,"column":0},"end":{"line":7,"column":89}},"6":{"start":{"line":9,"column":0},"end":{"line":9,"column":24}}},"fnMap":{},"branchMap":{},"s":{"0":2,"1":2,"2":2,"3":2,"4":2,"5":2,"6":2},"f":{},"b":{},"_coverageSchema":"1a1c01bbd47fc00a2c39e90264f33305004495a9","hash":"393a3955335305646561dddb47275de225e87f36"}
,"C:\\Users\\Neetu patel\\OneDrive\\Desktop\\Odoo_2026\\Odoo-Hackathon-2026\\backend\\routes\\gamification\\participation.routes.js": {"path":"C:\\Users\\Neetu patel\\OneDrive\\Desktop\\Odoo_2026\\Odoo-Hackathon-2026\\backend\\routes\\gamification\\participation.routes.js","statementMap":{"0":{"start":{"line":1,"column":16},"end":{"line":1,"column":34}},"1":{"start":{"line":2,"column":15},"end":{"line":2,"column":31}},"2":{"start":{"line":3,"column":36},"end":{"line":3,"column":69}},"3":{"start":{"line":4,"column":17},"end":{"line":4,"column":54}},"4":{"start":{"line":5,"column":15},"end":{"line":5,"column":45}},"5":{"start":{"line":6,"column":33},"end":{"line":6,"column":84}},"6":{"start":{"line":7,"column":32},"end":{"line":7,"column":98}},"7":{"start":{"line":9,"column":0},"end":{"line":9,"column":89}},"8":{"start":{"line":10,"column":0},"end":{"line":10,"column":130}},"9":{"start":{"line":11,"column":0},"end":{"line":11,"column":115}},"10":{"start":{"line":12,"column":0},"end":{"line":12,"column":134}},"11":{"start":{"line":13,"column":0},"end":{"line":13,"column":132}},"12":{"start":{"line":14,"column":0},"end":{"line":14,"column":118}},"13":{"start":{"line":16,"column":0},"end":{"line":16,"column":24}}},"fnMap":{},"branchMap":{},"s":{"0":2,"1":2,"2":2,"3":2,"4":2,"5":2,"6":2,"7":2,"8":2,"9":2,"10":2,"11":2,"12":2,"13":2},"f":{},"b":{},"_coverageSchema":"1a1c01bbd47fc00a2c39e90264f33305004495a9","hash":"5737b9cd5e2cff7c21405126f81e91843d575128"}
,"C:\\Users\\Neetu patel\\OneDrive\\Desktop\\Odoo_2026\\Odoo-Hackathon-2026\\backend\\routes\\gamification\\reward.routes.js": {"path":"C:\\Users\\Neetu patel\\OneDrive\\Desktop\\Odoo_2026\\Odoo-Hackathon-2026\\backend\\routes\\gamification\\reward.routes.js","statementMap":{"0":{"start":{"line":1,"column":16},"end":{"line":1,"column":34}},"1":{"start":{"line":2,"column":15},"end":{"line":2,"column":31}},"2":{"start":{"line":3,"column":36},"end":{"line":3,"column":69}},"3":{"start":{"line":4,"column":17},"end":{"line":4,"column":54}},"4":{"start":{"line":5,"column":31},"end":{"line":5,"column":75}},"5":{"start":{"line":6,"column":26},"end":{"line":6,"column":72}},"6":{"start":{"line":7,"column":25},"end":{"line":7,"column":84}},"7":{"start":{"line":9,"column":0},"end":{"line":9,"column":67}},"8":{"start":{"line":10,"column":0},"end":{"line":10,"column":119}},"9":{"start":{"line":11,"column":0},"end":{"line":11,"column":99}},"10":{"start":{"line":13,"column":0},"end":{"line":13,"column":24}}},"fnMap":{},"branchMap":{},"s":{"0":2,"1":2,"2":2,"3":2,"4":2,"5":2,"6":2,"7":2,"8":2,"9":2,"10":2},"f":{},"b":{},"_coverageSchema":"1a1c01bbd47fc00a2c39e90264f33305004495a9","hash":"da4408f3ebf605066694b9f2c8d8fa9de4e26c1d"}
,"C:\\Users\\Neetu patel\\OneDrive\\Desktop\\Odoo_2026\\Odoo-Hackathon-2026\\backend\\services\\notification.service.js": {"path":"C:\\Users\\Neetu patel\\OneDrive\\Desktop\\Odoo_2026\\Odoo-Hackathon-2026\\backend\\services\\notification.service.js","statementMap":{"0":{"start":{"line":5,"column":15},"end":{"line":5,"column":38}},"1":{"start":{"line":7,"column":15},"end":{"line":28,"column":1}},"2":{"start":{"line":8,"column":2},"end":{"line":27,"column":3}},"3":{"start":{"line":9,"column":25},"end":{"line":15,"column":6}},"4":{"start":{"line":18,"column":4},"end":{"line":21,"column":7}},"5":{"start":{"line":23,"column":4},"end":{"line":23,"column":24}},"6":{"start":{"line":25,"column":4},"end":{"line":25,"column":57}},"7":{"start":{"line":30,"column":25},"end":{"line":52,"column":1}},"8":{"start":{"line":31,"column":15},"end":{"line":31,"column":33}},"9":{"start":{"line":33,"column":33},"end":{"line":41,"column":4}},"10":{"start":{"line":43,"column":2},"end":{"line":51,"column":4}},"11":{"start":{"line":54,"column":19},"end":{"line":73,"column":1}},"12":{"start":{"line":55,"column":23},"end":{"line":57,"column":4}},"13":{"start":{"line":59,"column":2},"end":{"line":61,"column":3}},"14":{"start":{"line":60,"column":4},"end":{"line":60,"column":46}},"15":{"start":{"line":63,"column":2},"end":{"line":65,"column":3}},"16":{"start":{"line":64,"column":4},"end":{"line":64,"column":64}},"17":{"start":{"line":67,"column":18},"end":{"line":70,"column":4}},"18":{"start":{"line":72,"column":2},"end":{"line":72,"column":17}},"19":{"start":{"line":75,"column":0},"end":{"line":79,"column":2}}},"fnMap":{"0":{"name":"(anonymous_0)","decl":{"start":{"line":7,"column":15},"end":{"line":7,"column":16}},"loc":{"start":{"line":7,"column":52},"end":{"line":28,"column":1}},"line":7},"1":{"name":"(anonymous_1)","decl":{"start":{"line":30,"column":25},"end":{"line":30,"column":26}},"loc":{"start":{"line":30,"column":73},"end":{"line":52,"column":1}},"line":30},"2":{"name":"(anonymous_2)","decl":{"start":{"line":54,"column":19},"end":{"line":54,"column":20}},"loc":{"start":{"line":54,"column":57},"end":{"line":73,"column":1}},"line":54}},"branchMap":{"0":{"loc":{"start":{"line":30,"column":46},"end":{"line":30,"column":54}},"type":"default-arg","locations":[{"start":{"line":30,"column":53},"end":{"line":30,"column":54}}],"line":30},"1":{"loc":{"start":{"line":30,"column":56},"end":{"line":30,"column":66}},"type":"default-arg","locations":[{"start":{"line":30,"column":64},"end":{"line":30,"column":66}}],"line":30},"2":{"loc":{"start":{"line":59,"column":2},"end":{"line":61,"column":3}},"type":"if","locations":[{"start":{"line":59,"column":2},"end":{"line":61,"column":3}},{"start":{},"end":{}}],"line":59},"3":{"loc":{"start":{"line":63,"column":2},"end":{"line":65,"column":3}},"type":"if","locations":[{"start":{"line":63,"column":2},"end":{"line":65,"column":3}},{"start":{},"end":{}}],"line":63}},"s":{"0":6,"1":6,"2":7,"3":7,"4":6,"5":6,"6":1,"7":6,"8":1,"9":1,"10":1,"11":6,"12":3,"13":3,"14":1,"15":2,"16":1,"17":1,"18":1,"19":6},"f":{"0":7,"1":1,"2":3},"b":{"0":[0],"1":[0],"2":[1,2],"3":[1,1]},"_coverageSchema":"1a1c01bbd47fc00a2c39e90264f33305004495a9","hash":"488108a82ce0eda6e997c16e3418bdbf59c04b59"}
,"C:\\Users\\Neetu patel\\OneDrive\\Desktop\\Odoo_2026\\Odoo-Hackathon-2026\\backend\\services\\gamification\\badge.service.js": {"path":"C:\\Users\\Neetu patel\\OneDrive\\Desktop\\Odoo_2026\\Odoo-Hackathon-2026\\backend\\services\\gamification\\badge.service.js","statementMap":{"0":{"start":{"line":1,"column":15},"end":{"line":1,"column":41}},"1":{"start":{"line":2,"column":21},"end":{"line":2,"column":62}},"2":{"start":{"line":3,"column":28},"end":{"line":3,"column":62}},"3":{"start":{"line":5,"column":28},"end":{"line":102,"column":1}},"4":{"start":{"line":7,"column":19},"end":{"line":21,"column":4}},"5":{"start":{"line":23,"column":2},"end":{"line":25,"column":3}},"6":{"start":{"line":24,"column":4},"end":{"line":24,"column":50}},"7":{"start":{"line":27,"column":16},"end":{"line":30,"column":3}},"8":{"start":{"line":33,"column":26},"end":{"line":38,"column":47}},"9":{"start":{"line":38,"column":20},"end":{"line":38,"column":46}},"10":{"start":{"line":38,"column":36},"end":{"line":38,"column":45}},"11":{"start":{"line":40,"column":26},"end":{"line":44,"column":4}},"12":{"start":{"line":47,"column":2},"end":{"line":101,"column":3}},"13":{"start":{"line":48,"column":40},"end":{"line":48,"column":56}},"14":{"start":{"line":49,"column":22},"end":{"line":49,"column":35}},"15":{"start":{"line":51,"column":4},"end":{"line":54,"column":5}},"16":{"start":{"line":52,"column":6},"end":{"line":52,"column":63}},"17":{"start":{"line":53,"column":6},"end":{"line":53,"column":15}},"18":{"start":{"line":56,"column":20},"end":{"line":56,"column":25}},"19":{"start":{"line":57,"column":4},"end":{"line":76,"column":5}},"20":{"start":{"line":59,"column":8},"end":{"line":59,"column":39}},"21":{"start":{"line":60,"column":8},"end":{"line":60,"column":14}},"22":{"start":{"line":62,"column":8},"end":{"line":62,"column":38}},"23":{"start":{"line":63,"column":8},"end":{"line":63,"column":14}},"24":{"start":{"line":65,"column":8},"end":{"line":65,"column":40}},"25":{"start":{"line":66,"column":8},"end":{"line":66,"column":14}},"26":{"start":{"line":68,"column":8},"end":{"line":68,"column":39}},"27":{"start":{"line":69,"column":8},"end":{"line":69,"column":14}},"28":{"start":{"line":71,"column":8},"end":{"line":71,"column":38}},"29":{"start":{"line":72,"column":8},"end":{"line":72,"column":14}},"30":{"start":{"line":74,"column":8},"end":{"line":74,"column":59}},"31":{"start":{"line":75,"column":8},"end":{"line":75,"column":17}},"32":{"start":{"line":78,"column":4},"end":{"line":100,"column":5}},"33":{"start":{"line":79,"column":6},"end":{"line":99,"column":7}},"34":{"start":{"line":80,"column":8},"end":{"line":85,"column":11}},"35":{"start":{"line":87,"column":8},"end":{"line":91,"column":11}},"36":{"start":{"line":93,"column":8},"end":{"line":98,"column":9}},"37":{"start":{"line":95,"column":10},"end":{"line":95,"column":85}},"38":{"start":{"line":97,"column":10},"end":{"line":97,"column":56}},"39":{"start":{"line":104,"column":20},"end":{"line":127,"column":1}},"40":{"start":{"line":106,"column":38},"end":{"line":106,"column":53}},"41":{"start":{"line":107,"column":25},"end":{"line":107,"column":59}},"42":{"start":{"line":108,"column":29},"end":{"line":108,"column":57}},"43":{"start":{"line":110,"column":2},"end":{"line":112,"column":3}},"44":{"start":{"line":111,"column":4},"end":{"line":111,"column":92}},"45":{"start":{"line":114,"column":2},"end":{"line":116,"column":3}},"46":{"start":{"line":115,"column":4},"end":{"line":115,"column":102}},"47":{"start":{"line":118,"column":2},"end":{"line":120,"column":3}},"48":{"start":{"line":119,"column":4},"end":{"line":119,"column":67}},"49":{"start":{"line":122,"column":16},"end":{"line":124,"column":4}},"50":{"start":{"line":126,"column":2},"end":{"line":126,"column":15}},"51":{"start":{"line":129,"column":19},"end":{"line":134,"column":1}},"52":{"start":{"line":130,"column":17},"end":{"line":132,"column":4}},"53":{"start":{"line":133,"column":2},"end":{"line":133,"column":16}},"54":{"start":{"line":136,"column":26},"end":{"line":149,"column":1}},"55":{"start":{"line":137,"column":25},"end":{"line":143,"column":4}},"56":{"start":{"line":145,"column":2},"end":{"line":148,"column":6}},"57":{"start":{"line":145,"column":35},"end":{"line":148,"column":3}},"58":{"start":{"line":151,"column":0},"end":{"line":156,"column":2}}},"fnMap":{"0":{"name":"(anonymous_0)","decl":{"start":{"line":5,"column":28},"end":{"line":5,"column":29}},"loc":{"start":{"line":5,"column":50},"end":{"line":102,"column":1}},"line":5},"1":{"name":"(anonymous_1)","decl":{"start":{"line":38,"column":10},"end":{"line":38,"column":11}},"loc":{"start":{"line":38,"column":20},"end":{"line":38,"column":46}},"line":38},"2":{"name":"(anonymous_2)","decl":{"start":{"line":38,"column":31},"end":{"line":38,"column":32}},"loc":{"start":{"line":38,"column":36},"end":{"line":38,"column":45}},"line":38},"3":{"name":"(anonymous_3)","decl":{"start":{"line":104,"column":20},"end":{"line":104,"column":21}},"loc":{"start":{"line":104,"column":36},"end":{"line":127,"column":1}},"line":104},"4":{"name":"(anonymous_4)","decl":{"start":{"line":129,"column":19},"end":{"line":129,"column":20}},"loc":{"start":{"line":129,"column":31},"end":{"line":134,"column":1}},"line":129},"5":{"name":"(anonymous_5)","decl":{"start":{"line":136,"column":26},"end":{"line":136,"column":27}},"loc":{"start":{"line":136,"column":48},"end":{"line":149,"column":1}},"line":136},"6":{"name":"(anonymous_6)","decl":{"start":{"line":145,"column":28},"end":{"line":145,"column":29}},"loc":{"start":{"line":145,"column":35},"end":{"line":148,"column":3}},"line":145}},"branchMap":{"0":{"loc":{"start":{"line":23,"column":2},"end":{"line":25,"column":3}},"type":"if","locations":[{"start":{"line":23,"column":2},"end":{"line":25,"column":3}},{"start":{},"end":{}}],"line":23},"1":{"loc":{"start":{"line":51,"column":4},"end":{"line":54,"column":5}},"type":"if","locations":[{"start":{"line":51,"column":4},"end":{"line":54,"column":5}},{"start":{},"end":{}}],"line":51},"2":{"loc":{"start":{"line":57,"column":4},"end":{"line":76,"column":5}},"type":"switch","locations":[{"start":{"line":58,"column":6},"end":{"line":60,"column":14}},{"start":{"line":61,"column":6},"end":{"line":63,"column":14}},{"start":{"line":64,"column":6},"end":{"line":66,"column":14}},{"start":{"line":67,"column":6},"end":{"line":69,"column":14}},{"start":{"line":70,"column":6},"end":{"line":72,"column":14}},{"start":{"line":73,"column":6},"end":{"line":75,"column":17}}],"line":57},"3":{"loc":{"start":{"line":78,"column":4},"end":{"line":100,"column":5}},"type":"if","locations":[{"start":{"line":78,"column":4},"end":{"line":100,"column":5}},{"start":{},"end":{}}],"line":78},"4":{"loc":{"start":{"line":93,"column":8},"end":{"line":98,"column":9}},"type":"if","locations":[{"start":{"line":93,"column":8},"end":{"line":98,"column":9}},{"start":{"line":96,"column":15},"end":{"line":98,"column":9}}],"line":93},"5":{"loc":{"start":{"line":110,"column":2},"end":{"line":112,"column":3}},"type":"if","locations":[{"start":{"line":110,"column":2},"end":{"line":112,"column":3}},{"start":{},"end":{}}],"line":110},"6":{"loc":{"start":{"line":114,"column":2},"end":{"line":116,"column":3}},"type":"if","locations":[{"start":{"line":114,"column":2},"end":{"line":116,"column":3}},{"start":{},"end":{}}],"line":114},"7":{"loc":{"start":{"line":118,"column":2},"end":{"line":120,"column":3}},"type":"if","locations":[{"start":{"line":118,"column":2},"end":{"line":120,"column":3}},{"start":{},"end":{}}],"line":118},"8":{"loc":{"start":{"line":118,"column":6},"end":{"line":118,"column":44}},"type":"binary-expr","locations":[{"start":{"line":118,"column":6},"end":{"line":118,"column":31}},{"start":{"line":118,"column":35},"end":{"line":118,"column":44}}],"line":118}},"s":{"0":4,"1":4,"2":4,"3":4,"4":6,"5":6,"6":0,"7":6,"8":6,"9":6,"10":0,"11":6,"12":6,"13":23,"14":23,"15":23,"16":0,"17":0,"18":23,"19":23,"20":23,"21":23,"22":0,"23":0,"24":0,"25":0,"26":0,"27":0,"28":0,"29":0,"30":0,"31":0,"32":23,"33":6,"34":6,"35":2,"36":4,"37":4,"38":0,"39":4,"40":2,"41":2,"42":2,"43":2,"44":1,"45":1,"46":1,"47":0,"48":0,"49":0,"50":0,"51":4,"52":0,"53":0,"54":4,"55":0,"56":0,"57":0,"58":4},"f":{"0":6,"1":6,"2":0,"3":2,"4":0,"5":0,"6":0},"b":{"0":[0,6],"1":[0,23],"2":[23,0,0,0,0,0],"3":[6,17],"4":[4,0],"5":[1,1],"6":[1,0],"7":[0,0],"8":[0,0]},"_coverageSchema":"1a1c01bbd47fc00a2c39e90264f33305004495a9","hash":"5279ed7e9fc5499270b545386b208694aee3b84e"}
,"C:\\Users\\Neetu patel\\OneDrive\\Desktop\\Odoo_2026\\Odoo-Hackathon-2026\\backend\\services\\gamification\\challenge.service.js": {"path":"C:\\Users\\Neetu patel\\OneDrive\\Desktop\\Odoo_2026\\Odoo-Hackathon-2026\\backend\\services\\gamification\\challenge.service.js","statementMap":{"0":{"start":{"line":1,"column":15},"end":{"line":1,"column":41}},"1":{"start":{"line":2,"column":21},"end":{"line":2,"column":62}},"2":{"start":{"line":3,"column":26},"end":{"line":3,"column":61}},"3":{"start":{"line":5,"column":24},"end":{"line":17,"column":1}},"4":{"start":{"line":6,"column":20},"end":{"line":15,"column":4}},"5":{"start":{"line":16,"column":2},"end":{"line":16,"column":19}},"6":{"start":{"line":19,"column":23},"end":{"line":48,"column":1}},"7":{"start":{"line":20,"column":15},"end":{"line":20,"column":33}},"8":{"start":{"line":22,"column":16},"end":{"line":22,"column":18}},"9":{"start":{"line":23,"column":2},"end":{"line":23,"column":36}},"10":{"start":{"line":23,"column":14},"end":{"line":23,"column":36}},"11":{"start":{"line":24,"column":2},"end":{"line":24,"column":48}},"12":{"start":{"line":24,"column":18},"end":{"line":24,"column":48}},"13":{"start":{"line":26,"column":30},"end":{"line":37,"column":4}},"14":{"start":{"line":39,"column":2},"end":{"line":47,"column":4}},"15":{"start":{"line":50,"column":25},"end":{"line":64,"column":1}},"16":{"start":{"line":51,"column":20},"end":{"line":57,"column":4}},"17":{"start":{"line":59,"column":2},"end":{"line":61,"column":3}},"18":{"start":{"line":60,"column":4},"end":{"line":60,"column":51}},"19":{"start":{"line":63,"column":2},"end":{"line":63,"column":19}},"20":{"start":{"line":66,"column":24},"end":{"line":88,"column":1}},"21":{"start":{"line":67,"column":20},"end":{"line":69,"column":4}},"22":{"start":{"line":71,"column":2},"end":{"line":73,"column":3}},"23":{"start":{"line":72,"column":4},"end":{"line":72,"column":51}},"24":{"start":{"line":75,"column":2},"end":{"line":77,"column":3}},"25":{"start":{"line":76,"column":4},"end":{"line":76,"column":74}},"26":{"start":{"line":79,"column":18},"end":{"line":85,"column":4}},"27":{"start":{"line":87,"column":2},"end":{"line":87,"column":17}},"28":{"start":{"line":90,"column":25},"end":{"line":112,"column":1}},"29":{"start":{"line":91,"column":20},"end":{"line":93,"column":4}},"30":{"start":{"line":95,"column":2},"end":{"line":97,"column":3}},"31":{"start":{"line":96,"column":4},"end":{"line":96,"column":51}},"32":{"start":{"line":99,"column":2},"end":{"line":101,"column":3}},"33":{"start":{"line":100,"column":4},"end":{"line":100,"column":90}},"34":{"start":{"line":103,"column":18},"end":{"line":109,"column":4}},"35":{"start":{"line":111,"column":2},"end":{"line":111,"column":17}},"36":{"start":{"line":114,"column":24},"end":{"line":141,"column":1}},"37":{"start":{"line":115,"column":20},"end":{"line":122,"column":4}},"38":{"start":{"line":124,"column":2},"end":{"line":126,"column":3}},"39":{"start":{"line":125,"column":4},"end":{"line":125,"column":51}},"40":{"start":{"line":128,"column":2},"end":{"line":130,"column":3}},"41":{"start":{"line":129,"column":4},"end":{"line":129,"column":74}},"42":{"start":{"line":132,"column":2},"end":{"line":134,"column":3}},"43":{"start":{"line":133,"column":4},"end":{"line":133,"column":84}},"44":{"start":{"line":136,"column":2},"end":{"line":138,"column":5}},"45":{"start":{"line":140,"column":2},"end":{"line":140,"column":55}},"46":{"start":{"line":143,"column":0},"end":{"line":150,"column":2}}},"fnMap":{"0":{"name":"(anonymous_0)","decl":{"start":{"line":5,"column":24},"end":{"line":5,"column":25}},"loc":{"start":{"line":5,"column":51},"end":{"line":17,"column":1}},"line":5},"1":{"name":"(anonymous_1)","decl":{"start":{"line":19,"column":23},"end":{"line":19,"column":24}},"loc":{"start":{"line":19,"column":79},"end":{"line":48,"column":1}},"line":19},"2":{"name":"(anonymous_2)","decl":{"start":{"line":50,"column":25},"end":{"line":50,"column":26}},"loc":{"start":{"line":50,"column":39},"end":{"line":64,"column":1}},"line":50},"3":{"name":"(anonymous_3)","decl":{"start":{"line":66,"column":24},"end":{"line":66,"column":25}},"loc":{"start":{"line":66,"column":44},"end":{"line":88,"column":1}},"line":66},"4":{"name":"(anonymous_4)","decl":{"start":{"line":90,"column":25},"end":{"line":90,"column":26}},"loc":{"start":{"line":90,"column":50},"end":{"line":112,"column":1}},"line":90},"5":{"name":"(anonymous_5)","decl":{"start":{"line":114,"column":24},"end":{"line":114,"column":25}},"loc":{"start":{"line":114,"column":38},"end":{"line":141,"column":1}},"line":114}},"branchMap":{"0":{"loc":{"start":{"line":19,"column":52},"end":{"line":19,"column":60}},"type":"default-arg","locations":[{"start":{"line":19,"column":59},"end":{"line":19,"column":60}}],"line":19},"1":{"loc":{"start":{"line":19,"column":62},"end":{"line":19,"column":72}},"type":"default-arg","locations":[{"start":{"line":19,"column":70},"end":{"line":19,"column":72}}],"line":19},"2":{"loc":{"start":{"line":23,"column":2},"end":{"line":23,"column":36}},"type":"if","locations":[{"start":{"line":23,"column":2},"end":{"line":23,"column":36}},{"start":{},"end":{}}],"line":23},"3":{"loc":{"start":{"line":24,"column":2},"end":{"line":24,"column":48}},"type":"if","locations":[{"start":{"line":24,"column":2},"end":{"line":24,"column":48}},{"start":{},"end":{}}],"line":24},"4":{"loc":{"start":{"line":59,"column":2},"end":{"line":61,"column":3}},"type":"if","locations":[{"start":{"line":59,"column":2},"end":{"line":61,"column":3}},{"start":{},"end":{}}],"line":59},"5":{"loc":{"start":{"line":71,"column":2},"end":{"line":73,"column":3}},"type":"if","locations":[{"start":{"line":71,"column":2},"end":{"line":73,"column":3}},{"start":{},"end":{}}],"line":71},"6":{"loc":{"start":{"line":75,"column":2},"end":{"line":77,"column":3}},"type":"if","locations":[{"start":{"line":75,"column":2},"end":{"line":77,"column":3}},{"start":{},"end":{}}],"line":75},"7":{"loc":{"start":{"line":95,"column":2},"end":{"line":97,"column":3}},"type":"if","locations":[{"start":{"line":95,"column":2},"end":{"line":97,"column":3}},{"start":{},"end":{}}],"line":95},"8":{"loc":{"start":{"line":99,"column":2},"end":{"line":101,"column":3}},"type":"if","locations":[{"start":{"line":99,"column":2},"end":{"line":101,"column":3}},{"start":{},"end":{}}],"line":99},"9":{"loc":{"start":{"line":124,"column":2},"end":{"line":126,"column":3}},"type":"if","locations":[{"start":{"line":124,"column":2},"end":{"line":126,"column":3}},{"start":{},"end":{}}],"line":124},"10":{"loc":{"start":{"line":128,"column":2},"end":{"line":130,"column":3}},"type":"if","locations":[{"start":{"line":128,"column":2},"end":{"line":130,"column":3}},{"start":{},"end":{}}],"line":128},"11":{"loc":{"start":{"line":132,"column":2},"end":{"line":134,"column":3}},"type":"if","locations":[{"start":{"line":132,"column":2},"end":{"line":134,"column":3}},{"start":{},"end":{}}],"line":132}},"s":{"0":2,"1":2,"2":2,"3":2,"4":0,"5":0,"6":2,"7":1,"8":1,"9":1,"10":0,"11":1,"12":0,"13":1,"14":1,"15":2,"16":0,"17":0,"18":0,"19":0,"20":2,"21":1,"22":1,"23":0,"24":1,"25":1,"26":0,"27":0,"28":2,"29":2,"30":2,"31":0,"32":2,"33":1,"34":1,"35":1,"36":2,"37":0,"38":0,"39":0,"40":0,"41":0,"42":0,"43":0,"44":0,"45":0,"46":2},"f":{"0":0,"1":1,"2":0,"3":1,"4":2,"5":0},"b":{"0":[0],"1":[0],"2":[0,1],"3":[0,1],"4":[0,0],"5":[0,1],"6":[1,0],"7":[0,2],"8":[1,1],"9":[0,0],"10":[0,0],"11":[0,0]},"_coverageSchema":"1a1c01bbd47fc00a2c39e90264f33305004495a9","hash":"cbc03a8af64769288c654fc81e5811701457f835"}
,"C:\\Users\\Neetu patel\\OneDrive\\Desktop\\Odoo_2026\\Odoo-Hackathon-2026\\backend\\services\\gamification\\leaderboard.service.js": {"path":"C:\\Users\\Neetu patel\\OneDrive\\Desktop\\Odoo_2026\\Odoo-Hackathon-2026\\backend\\services\\gamification\\leaderboard.service.js","statementMap":{"0":{"start":{"line":1,"column":15},"end":{"line":1,"column":41}},"1":{"start":{"line":2,"column":19},"end":{"line":2,"column":44}},"2":{"start":{"line":3,"column":14},"end":{"line":3,"column":42}},"3":{"start":{"line":5,"column":31},"end":{"line":60,"column":1}},"4":{"start":{"line":6,"column":19},"end":{"line":6,"column":75}},"5":{"start":{"line":9,"column":17},"end":{"line":9,"column":36}},"6":{"start":{"line":10,"column":2},"end":{"line":12,"column":3}},"7":{"start":{"line":11,"column":4},"end":{"line":11,"column":18}},"8":{"start":{"line":15,"column":15},"end":{"line":15,"column":24}},"9":{"start":{"line":17,"column":2},"end":{"line":48,"column":3}},"10":{"start":{"line":18,"column":4},"end":{"line":32,"column":6}},"11":{"start":{"line":34,"column":4},"end":{"line":47,"column":6}},"12":{"start":{"line":50,"column":22},"end":{"line":50,"column":51}},"13":{"start":{"line":51,"column":21},"end":{"line":54,"column":5}},"14":{"start":{"line":51,"column":45},"end":{"line":54,"column":3}},"15":{"start":{"line":57,"column":2},"end":{"line":57,"column":34}},"16":{"start":{"line":59,"column":2},"end":{"line":59,"column":20}},"17":{"start":{"line":62,"column":33},"end":{"line":98,"column":1}},"18":{"start":{"line":63,"column":19},"end":{"line":63,"column":52}},"19":{"start":{"line":66,"column":17},"end":{"line":66,"column":36}},"20":{"start":{"line":67,"column":2},"end":{"line":69,"column":3}},"21":{"start":{"line":68,"column":4},"end":{"line":68,"column":18}},"22":{"start":{"line":71,"column":16},"end":{"line":84,"column":3}},"23":{"start":{"line":86,"column":22},"end":{"line":86,"column":51}},"24":{"start":{"line":87,"column":21},"end":{"line":92,"column":5}},"25":{"start":{"line":87,"column":45},"end":{"line":92,"column":3}},"26":{"start":{"line":95,"column":2},"end":{"line":95,"column":34}},"27":{"start":{"line":97,"column":2},"end":{"line":97,"column":20}},"28":{"start":{"line":100,"column":35},"end":{"line":102,"column":1}},"29":{"start":{"line":101,"column":2},"end":{"line":101,"column":19}},"30":{"start":{"line":104,"column":0},"end":{"line":108,"column":2}}},"fnMap":{"0":{"name":"(anonymous_0)","decl":{"start":{"line":5,"column":31},"end":{"line":5,"column":32}},"loc":{"start":{"line":5,"column":71},"end":{"line":60,"column":1}},"line":5},"1":{"name":"(anonymous_1)","decl":{"start":{"line":51,"column":37},"end":{"line":51,"column":38}},"loc":{"start":{"line":51,"column":45},"end":{"line":54,"column":3}},"line":51},"2":{"name":"(anonymous_2)","decl":{"start":{"line":62,"column":33},"end":{"line":62,"column":34}},"loc":{"start":{"line":62,"column":59},"end":{"line":98,"column":1}},"line":62},"3":{"name":"(anonymous_3)","decl":{"start":{"line":87,"column":37},"end":{"line":87,"column":38}},"loc":{"start":{"line":87,"column":45},"end":{"line":92,"column":3}},"line":87},"4":{"name":"(anonymous_4)","decl":{"start":{"line":100,"column":35},"end":{"line":100,"column":36}},"loc":{"start":{"line":100,"column":41},"end":{"line":102,"column":1}},"line":100}},"branchMap":{"0":{"loc":{"start":{"line":5,"column":40},"end":{"line":5,"column":50}},"type":"default-arg","locations":[{"start":{"line":5,"column":48},"end":{"line":5,"column":50}}],"line":5},"1":{"loc":{"start":{"line":6,"column":43},"end":{"line":6,"column":64}},"type":"binary-expr","locations":[{"start":{"line":6,"column":43},"end":{"line":6,"column":55}},{"start":{"line":6,"column":59},"end":{"line":6,"column":64}}],"line":6},"2":{"loc":{"start":{"line":10,"column":2},"end":{"line":12,"column":3}},"type":"if","locations":[{"start":{"line":10,"column":2},"end":{"line":12,"column":3}},{"start":{},"end":{}}],"line":10},"3":{"loc":{"start":{"line":17,"column":2},"end":{"line":48,"column":3}},"type":"if","locations":[{"start":{"line":17,"column":2},"end":{"line":48,"column":3}},{"start":{"line":33,"column":9},"end":{"line":48,"column":3}}],"line":17},"4":{"loc":{"start":{"line":53,"column":10},"end":{"line":53,"column":48}},"type":"cond-expr","locations":[{"start":{"line":53,"column":21},"end":{"line":53,"column":37}},{"start":{"line":53,"column":40},"end":{"line":53,"column":48}}],"line":53},"5":{"loc":{"start":{"line":62,"column":42},"end":{"line":62,"column":52}},"type":"default-arg","locations":[{"start":{"line":62,"column":50},"end":{"line":62,"column":52}}],"line":62},"6":{"loc":{"start":{"line":67,"column":2},"end":{"line":69,"column":3}},"type":"if","locations":[{"start":{"line":67,"column":2},"end":{"line":69,"column":3}},{"start":{},"end":{}}],"line":67},"7":{"loc":{"start":{"line":89,"column":13},"end":{"line":89,"column":50}},"type":"cond-expr","locations":[{"start":{"line":89,"column":27},"end":{"line":89,"column":46}},{"start":{"line":89,"column":49},"end":{"line":89,"column":50}}],"line":89},"8":{"loc":{"start":{"line":90,"column":19},"end":{"line":90,"column":68}},"type":"cond-expr","locations":[{"start":{"line":90,"column":39},"end":{"line":90,"column":64}},{"start":{"line":90,"column":67},"end":{"line":90,"column":68}}],"line":90},"9":{"loc":{"start":{"line":91,"column":10},"end":{"line":91,"column":48}},"type":"cond-expr","locations":[{"start":{"line":91,"column":21},"end":{"line":91,"column":37}},{"start":{"line":91,"column":40},"end":{"line":91,"column":48}}],"line":91}},"s":{"0":5,"1":5,"2":5,"3":5,"4":3,"5":3,"6":3,"7":1,"8":2,"9":2,"10":0,"11":2,"12":2,"13":2,"14":40,"15":2,"16":2,"17":5,"18":0,"19":0,"20":0,"21":0,"22":0,"23":0,"24":0,"25":0,"26":0,"27":0,"28":5,"29":3,"30":5},"f":{"0":3,"1":40,"2":0,"3":0,"4":3},"b":{"0":[0],"1":[3,3],"2":[1,2],"3":[0,2],"4":[40,0],"5":[0],"6":[0,0],"7":[0,0],"8":[0,0],"9":[0,0]},"_coverageSchema":"1a1c01bbd47fc00a2c39e90264f33305004495a9","hash":"35f6d0d05c02251a0ba166b98f9820a929eb4e3b"}
,"C:\\Users\\Neetu patel\\OneDrive\\Desktop\\Odoo_2026\\Odoo-Hackathon-2026\\backend\\services\\gamification\\participation.service.js": {"path":"C:\\Users\\Neetu patel\\OneDrive\\Desktop\\Odoo_2026\\Odoo-Hackathon-2026\\backend\\services\\gamification\\participation.service.js","statementMap":{"0":{"start":{"line":1,"column":15},"end":{"line":1,"column":41}},"1":{"start":{"line":2,"column":21},"end":{"line":2,"column":62}},"2":{"start":{"line":3,"column":27},"end":{"line":3,"column":68}},"3":{"start":{"line":4,"column":21},"end":{"line":4,"column":47}},"4":{"start":{"line":5,"column":27},"end":{"line":5,"column":59}},"5":{"start":{"line":6,"column":28},"end":{"line":6,"column":62}},"6":{"start":{"line":8,"column":22},"end":{"line":38,"column":1}},"7":{"start":{"line":9,"column":20},"end":{"line":11,"column":4}},"8":{"start":{"line":13,"column":2},"end":{"line":15,"column":3}},"9":{"start":{"line":14,"column":4},"end":{"line":14,"column":51}},"10":{"start":{"line":17,"column":2},"end":{"line":19,"column":3}},"11":{"start":{"line":18,"column":4},"end":{"line":18,"column":63}},"12":{"start":{"line":21,"column":2},"end":{"line":37,"column":3}},"13":{"start":{"line":22,"column":26},"end":{"line":30,"column":6}},"14":{"start":{"line":31,"column":4},"end":{"line":31,"column":25}},"15":{"start":{"line":33,"column":4},"end":{"line":35,"column":5}},"16":{"start":{"line":34,"column":6},"end":{"line":34,"column":63}},"17":{"start":{"line":36,"column":4},"end":{"line":36,"column":16}},"18":{"start":{"line":40,"column":23},"end":{"line":61,"column":1}},"19":{"start":{"line":41,"column":24},"end":{"line":43,"column":4}},"20":{"start":{"line":45,"column":2},"end":{"line":47,"column":3}},"21":{"start":{"line":46,"column":4},"end":{"line":46,"column":55}},"22":{"start":{"line":49,"column":2},"end":{"line":51,"column":3}},"23":{"start":{"line":50,"column":4},"end":{"line":50,"column":75}},"24":{"start":{"line":53,"column":26},"end":{"line":53,"column":62}},"25":{"start":{"line":55,"column":18},"end":{"line":58,"column":4}},"26":{"start":{"line":60,"column":2},"end":{"line":60,"column":17}},"27":{"start":{"line":63,"column":20},"end":{"line":87,"column":1}},"28":{"start":{"line":64,"column":24},"end":{"line":69,"column":4}},"29":{"start":{"line":71,"column":2},"end":{"line":73,"column":3}},"30":{"start":{"line":72,"column":4},"end":{"line":72,"column":55}},"31":{"start":{"line":75,"column":2},"end":{"line":77,"column":3}},"32":{"start":{"line":76,"column":4},"end":{"line":76,"column":75}},"33":{"start":{"line":79,"column":19},"end":{"line":79,"column":55}},"34":{"start":{"line":81,"column":18},"end":{"line":84,"column":4}},"35":{"start":{"line":86,"column":2},"end":{"line":86,"column":17}},"36":{"start":{"line":89,"column":23},"end":{"line":173,"column":1}},"37":{"start":{"line":90,"column":24},"end":{"line":96,"column":4}},"38":{"start":{"line":98,"column":2},"end":{"line":100,"column":3}},"39":{"start":{"line":99,"column":4},"end":{"line":99,"column":55}},"40":{"start":{"line":102,"column":2},"end":{"line":164,"column":3}},"41":{"start":{"line":103,"column":4},"end":{"line":105,"column":5}},"42":{"start":{"line":104,"column":6},"end":{"line":104,"column":64}},"43":{"start":{"line":107,"column":4},"end":{"line":137,"column":7}},"44":{"start":{"line":109,"column":6},"end":{"line":116,"column":9}},"45":{"start":{"line":119,"column":6},"end":{"line":126,"column":9}},"46":{"start":{"line":129,"column":6},"end":{"line":136,"column":9}},"47":{"start":{"line":140,"column":4},"end":{"line":144,"column":5}},"48":{"start":{"line":141,"column":6},"end":{"line":141,"column":71}},"49":{"start":{"line":143,"column":6},"end":{"line":143,"column":50}},"50":{"start":{"line":146,"column":4},"end":{"line":150,"column":7}},"51":{"start":{"line":153,"column":4},"end":{"line":153,"column":52}},"52":{"start":{"line":154,"column":9},"end":{"line":164,"column":3}},"53":{"start":{"line":155,"column":4},"end":{"line":158,"column":7}},"54":{"start":{"line":160,"column":4},"end":{"line":163,"column":7}},"55":{"start":{"line":166,"column":2},"end":{"line":172,"column":5}},"56":{"start":{"line":175,"column":27},"end":{"line":200,"column":1}},"57":{"start":{"line":176,"column":15},"end":{"line":176,"column":33}},"58":{"start":{"line":178,"column":34},"end":{"line":189,"column":4}},"59":{"start":{"line":191,"column":2},"end":{"line":199,"column":4}},"60":{"start":{"line":202,"column":0},"end":{"line":208,"column":2}}},"fnMap":{"0":{"name":"(anonymous_0)","decl":{"start":{"line":8,"column":22},"end":{"line":8,"column":23}},"loc":{"start":{"line":8,"column":57},"end":{"line":38,"column":1}},"line":8},"1":{"name":"(anonymous_1)","decl":{"start":{"line":40,"column":23},"end":{"line":40,"column":24}},"loc":{"start":{"line":40,"column":72},"end":{"line":61,"column":1}},"line":40},"2":{"name":"(anonymous_2)","decl":{"start":{"line":63,"column":20},"end":{"line":63,"column":21}},"loc":{"start":{"line":63,"column":71},"end":{"line":87,"column":1}},"line":63},"3":{"name":"(anonymous_3)","decl":{"start":{"line":89,"column":23},"end":{"line":89,"column":24}},"loc":{"start":{"line":89,"column":72},"end":{"line":173,"column":1}},"line":89},"4":{"name":"(anonymous_4)","decl":{"start":{"line":107,"column":30},"end":{"line":107,"column":31}},"loc":{"start":{"line":107,"column":44},"end":{"line":137,"column":5}},"line":107},"5":{"name":"(anonymous_5)","decl":{"start":{"line":175,"column":27},"end":{"line":175,"column":28}},"loc":{"start":{"line":175,"column":63},"end":{"line":200,"column":1}},"line":175}},"branchMap":{"0":{"loc":{"start":{"line":13,"column":2},"end":{"line":15,"column":3}},"type":"if","locations":[{"start":{"line":13,"column":2},"end":{"line":15,"column":3}},{"start":{},"end":{}}],"line":13},"1":{"loc":{"start":{"line":17,"column":2},"end":{"line":19,"column":3}},"type":"if","locations":[{"start":{"line":17,"column":2},"end":{"line":19,"column":3}},{"start":{},"end":{}}],"line":17},"2":{"loc":{"start":{"line":33,"column":4},"end":{"line":35,"column":5}},"type":"if","locations":[{"start":{"line":33,"column":4},"end":{"line":35,"column":5}},{"start":{},"end":{}}],"line":33},"3":{"loc":{"start":{"line":45,"column":2},"end":{"line":47,"column":3}},"type":"if","locations":[{"start":{"line":45,"column":2},"end":{"line":47,"column":3}},{"start":{},"end":{}}],"line":45},"4":{"loc":{"start":{"line":49,"column":2},"end":{"line":51,"column":3}},"type":"if","locations":[{"start":{"line":49,"column":2},"end":{"line":51,"column":3}},{"start":{},"end":{}}],"line":49},"5":{"loc":{"start":{"line":71,"column":2},"end":{"line":73,"column":3}},"type":"if","locations":[{"start":{"line":71,"column":2},"end":{"line":73,"column":3}},{"start":{},"end":{}}],"line":71},"6":{"loc":{"start":{"line":75,"column":2},"end":{"line":77,"column":3}},"type":"if","locations":[{"start":{"line":75,"column":2},"end":{"line":77,"column":3}},{"start":{},"end":{}}],"line":75},"7":{"loc":{"start":{"line":98,"column":2},"end":{"line":100,"column":3}},"type":"if","locations":[{"start":{"line":98,"column":2},"end":{"line":100,"column":3}},{"start":{},"end":{}}],"line":98},"8":{"loc":{"start":{"line":102,"column":2},"end":{"line":164,"column":3}},"type":"if","locations":[{"start":{"line":102,"column":2},"end":{"line":164,"column":3}},{"start":{"line":154,"column":9},"end":{"line":164,"column":3}}],"line":102},"9":{"loc":{"start":{"line":103,"column":4},"end":{"line":105,"column":5}},"type":"if","locations":[{"start":{"line":103,"column":4},"end":{"line":105,"column":5}},{"start":{},"end":{}}],"line":103},"10":{"loc":{"start":{"line":103,"column":8},"end":{"line":103,"column":75}},"type":"binary-expr","locations":[{"start":{"line":103,"column":8},"end":{"line":103,"column":48}},{"start":{"line":103,"column":52},"end":{"line":103,"column":75}}],"line":103},"11":{"loc":{"start":{"line":154,"column":9},"end":{"line":164,"column":3}},"type":"if","locations":[{"start":{"line":154,"column":9},"end":{"line":164,"column":3}},{"start":{},"end":{}}],"line":154},"12":{"loc":{"start":{"line":175,"column":36},"end":{"line":175,"column":44}},"type":"default-arg","locations":[{"start":{"line":175,"column":43},"end":{"line":175,"column":44}}],"line":175},"13":{"loc":{"start":{"line":175,"column":46},"end":{"line":175,"column":56}},"type":"default-arg","locations":[{"start":{"line":175,"column":54},"end":{"line":175,"column":56}}],"line":175}},"s":{"0":3,"1":3,"2":3,"3":3,"4":3,"5":3,"6":3,"7":3,"8":3,"9":0,"10":3,"11":1,"12":2,"13":2,"14":1,"15":1,"16":1,"17":0,"18":3,"19":2,"20":2,"21":0,"22":2,"23":1,"24":1,"25":1,"26":1,"27":3,"28":1,"29":1,"30":0,"31":1,"32":0,"33":1,"34":1,"35":1,"36":3,"37":3,"38":3,"39":1,"40":2,"41":1,"42":0,"43":1,"44":1,"45":1,"46":1,"47":1,"48":1,"49":0,"50":1,"51":1,"52":1,"53":1,"54":1,"55":2,"56":3,"57":1,"58":1,"59":1,"60":3},"f":{"0":3,"1":2,"2":1,"3":3,"4":1,"5":1},"b":{"0":[0,3],"1":[1,2],"2":[1,0],"3":[0,2],"4":[1,1],"5":[0,1],"6":[0,1],"7":[1,2],"8":[1,1],"9":[0,1],"10":[1,0],"11":[1,0],"12":[0],"13":[0]},"_coverageSchema":"1a1c01bbd47fc00a2c39e90264f33305004495a9","hash":"991ac2ab84715e183c5c897ce59305f7d9ab0435"}
,"C:\\Users\\Neetu patel\\OneDrive\\Desktop\\Odoo_2026\\Odoo-Hackathon-2026\\backend\\services\\gamification\\reward.service.js": {"path":"C:\\Users\\Neetu patel\\OneDrive\\Desktop\\Odoo_2026\\Odoo-Hackathon-2026\\backend\\services\\gamification\\reward.service.js","statementMap":{"0":{"start":{"line":1,"column":15},"end":{"line":1,"column":41}},"1":{"start":{"line":2,"column":21},"end":{"line":2,"column":62}},"2":{"start":{"line":3,"column":19},"end":{"line":3,"column":44}},"3":{"start":{"line":4,"column":27},"end":{"line":4,"column":59}},"4":{"start":{"line":5,"column":28},"end":{"line":5,"column":62}},"5":{"start":{"line":7,"column":20},"end":{"line":13,"column":1}},"6":{"start":{"line":8,"column":18},"end":{"line":11,"column":4}},"7":{"start":{"line":12,"column":2},"end":{"line":12,"column":17}},"8":{"start":{"line":15,"column":21},"end":{"line":20,"column":1}},"9":{"start":{"line":16,"column":17},"end":{"line":18,"column":4}},"10":{"start":{"line":19,"column":2},"end":{"line":19,"column":16}},"11":{"start":{"line":22,"column":21},"end":{"line":28,"column":1}},"12":{"start":{"line":23,"column":17},"end":{"line":26,"column":4}},"13":{"start":{"line":27,"column":2},"end":{"line":27,"column":16}},"14":{"start":{"line":30,"column":15},"end":{"line":119,"column":1}},"15":{"start":{"line":31,"column":17},"end":{"line":106,"column":4}},"16":{"start":{"line":33,"column":19},"end":{"line":35,"column":6}},"17":{"start":{"line":37,"column":4},"end":{"line":39,"column":5}},"18":{"start":{"line":38,"column":6},"end":{"line":38,"column":50}},"19":{"start":{"line":41,"column":4},"end":{"line":43,"column":5}},"20":{"start":{"line":42,"column":6},"end":{"line":42,"column":57}},"21":{"start":{"line":45,"column":4},"end":{"line":47,"column":5}},"22":{"start":{"line":46,"column":6},"end":{"line":46,"column":56}},"23":{"start":{"line":50,"column":20},"end":{"line":53,"column":6}},"24":{"start":{"line":55,"column":24},"end":{"line":55,"column":48}},"25":{"start":{"line":57,"column":4},"end":{"line":59,"column":5}},"26":{"start":{"line":58,"column":6},"end":{"line":58,"column":53}},"27":{"start":{"line":62,"column":25},"end":{"line":66,"column":5}},"28":{"start":{"line":68,"column":4},"end":{"line":70,"column":5}},"29":{"start":{"line":69,"column":6},"end":{"line":69,"column":63}},"30":{"start":{"line":73,"column":4},"end":{"line":80,"column":7}},"31":{"start":{"line":83,"column":4},"end":{"line":90,"column":7}},"32":{"start":{"line":93,"column":23},"end":{"line":103,"column":6}},"33":{"start":{"line":105,"column":4},"end":{"line":105,"column":22}},"34":{"start":{"line":109,"column":2},"end":{"line":113,"column":5}},"35":{"start":{"line":116,"column":2},"end":{"line":116,"column":50}},"36":{"start":{"line":118,"column":2},"end":{"line":118,"column":16}},"37":{"start":{"line":121,"column":0},"end":{"line":126,"column":2}}},"fnMap":{"0":{"name":"(anonymous_0)","decl":{"start":{"line":7,"column":20},"end":{"line":7,"column":21}},"loc":{"start":{"line":7,"column":32},"end":{"line":13,"column":1}},"line":7},"1":{"name":"(anonymous_1)","decl":{"start":{"line":15,"column":21},"end":{"line":15,"column":22}},"loc":{"start":{"line":15,"column":37},"end":{"line":20,"column":1}},"line":15},"2":{"name":"(anonymous_2)","decl":{"start":{"line":22,"column":21},"end":{"line":22,"column":22}},"loc":{"start":{"line":22,"column":41},"end":{"line":28,"column":1}},"line":22},"3":{"name":"(anonymous_3)","decl":{"start":{"line":30,"column":15},"end":{"line":30,"column":16}},"loc":{"start":{"line":30,"column":47},"end":{"line":119,"column":1}},"line":30},"4":{"name":"(anonymous_4)","decl":{"start":{"line":31,"column":43},"end":{"line":31,"column":44}},"loc":{"start":{"line":31,"column":57},"end":{"line":106,"column":3}},"line":31}},"branchMap":{"0":{"loc":{"start":{"line":37,"column":4},"end":{"line":39,"column":5}},"type":"if","locations":[{"start":{"line":37,"column":4},"end":{"line":39,"column":5}},{"start":{},"end":{}}],"line":37},"1":{"loc":{"start":{"line":41,"column":4},"end":{"line":43,"column":5}},"type":"if","locations":[{"start":{"line":41,"column":4},"end":{"line":43,"column":5}},{"start":{},"end":{}}],"line":41},"2":{"loc":{"start":{"line":45,"column":4},"end":{"line":47,"column":5}},"type":"if","locations":[{"start":{"line":45,"column":4},"end":{"line":47,"column":5}},{"start":{},"end":{}}],"line":45},"3":{"loc":{"start":{"line":55,"column":24},"end":{"line":55,"column":48}},"type":"binary-expr","locations":[{"start":{"line":55,"column":24},"end":{"line":55,"column":43}},{"start":{"line":55,"column":47},"end":{"line":55,"column":48}}],"line":55},"4":{"loc":{"start":{"line":57,"column":4},"end":{"line":59,"column":5}},"type":"if","locations":[{"start":{"line":57,"column":4},"end":{"line":59,"column":5}},{"start":{},"end":{}}],"line":57},"5":{"loc":{"start":{"line":68,"column":4},"end":{"line":70,"column":5}},"type":"if","locations":[{"start":{"line":68,"column":4},"end":{"line":70,"column":5}},{"start":{},"end":{}}],"line":68}},"s":{"0":3,"1":3,"2":3,"3":3,"4":3,"5":3,"6":0,"7":0,"8":3,"9":0,"10":0,"11":3,"12":0,"13":0,"14":3,"15":20,"16":20,"17":20,"18":0,"19":20,"20":0,"21":20,"22":0,"23":20,"24":20,"25":20,"26":0,"27":20,"28":20,"29":19,"30":1,"31":1,"32":1,"33":1,"34":1,"35":1,"36":1,"37":3},"f":{"0":0,"1":0,"2":0,"3":20,"4":20},"b":{"0":[0,20],"1":[0,20],"2":[0,20],"3":[20,0],"4":[0,20],"5":[19,1]},"_coverageSchema":"1a1c01bbd47fc00a2c39e90264f33305004495a9","hash":"6ea2250dd3284280d8f3ccd71ae56efca7d1ab1b"}
,"C:\\Users\\Neetu patel\\OneDrive\\Desktop\\Odoo_2026\\Odoo-Hackathon-2026\\backend\\tests\\mocks\\uuid.js": {"path":"C:\\Users\\Neetu patel\\OneDrive\\Desktop\\Odoo_2026\\Odoo-Hackathon-2026\\backend\\tests\\mocks\\uuid.js","statementMap":{"0":{"start":{"line":1,"column":0},"end":{"line":3,"column":2}},"1":{"start":{"line":2,"column":12},"end":{"line":2,"column":50}}},"fnMap":{"0":{"name":"(anonymous_0)","decl":{"start":{"line":2,"column":6},"end":{"line":2,"column":7}},"loc":{"start":{"line":2,"column":12},"end":{"line":2,"column":50}},"line":2}},"branchMap":{},"s":{"0":2,"1":4},"f":{"0":4},"b":{},"_coverageSchema":"1a1c01bbd47fc00a2c39e90264f33305004495a9","hash":"9b44cfac36dec5c460ab7bd7e92130bce4851f65"}
,"C:\\Users\\Neetu patel\\OneDrive\\Desktop\\Odoo_2026\\Odoo-Hackathon-2026\\backend\\utils\\apiResponse.js": {"path":"C:\\Users\\Neetu patel\\OneDrive\\Desktop\\Odoo_2026\\Odoo-Hackathon-2026\\backend\\utils\\apiResponse.js","statementMap":{"0":{"start":{"line":1,"column":20},"end":{"line":16,"column":1}},"1":{"start":{"line":2,"column":19},"end":{"line":5,"column":3}},"2":{"start":{"line":7,"column":2},"end":{"line":9,"column":3}},"3":{"start":{"line":8,"column":4},"end":{"line":8,"column":25}},"4":{"start":{"line":11,"column":2},"end":{"line":13,"column":3}},"5":{"start":{"line":12,"column":4},"end":{"line":12,"column":25}},"6":{"start":{"line":15,"column":2},"end":{"line":15,"column":47}},"7":{"start":{"line":18,"column":0},"end":{"line":18,"column":29}}},"fnMap":{"0":{"name":"(anonymous_0)","decl":{"start":{"line":1,"column":20},"end":{"line":1,"column":21}},"loc":{"start":{"line":1,"column":85},"end":{"line":16,"column":1}},"line":1}},"branchMap":{"0":{"loc":{"start":{"line":1,"column":56},"end":{"line":1,"column":67}},"type":"default-arg","locations":[{"start":{"line":1,"column":63},"end":{"line":1,"column":67}}],"line":1},"1":{"loc":{"start":{"line":1,"column":69},"end":{"line":1,"column":80}},"type":"default-arg","locations":[{"start":{"line":1,"column":76},"end":{"line":1,"column":80}}],"line":1},"2":{"loc":{"start":{"line":7,"column":2},"end":{"line":9,"column":3}},"type":"if","locations":[{"start":{"line":7,"column":2},"end":{"line":9,"column":3}},{"start":{},"end":{}}],"line":7},"3":{"loc":{"start":{"line":11,"column":2},"end":{"line":13,"column":3}},"type":"if","locations":[{"start":{"line":11,"column":2},"end":{"line":13,"column":3}},{"start":{},"end":{}}],"line":11}},"s":{"0":2,"1":2,"2":2,"3":2,"4":2,"5":1,"6":2,"7":2},"f":{"0":2},"b":{"0":[0],"1":[1],"2":[2,0],"3":[1,1]},"_coverageSchema":"1a1c01bbd47fc00a2c39e90264f33305004495a9","hash":"9661cc1bf27335cd053bac7c04fe58f3ee8405e2"}
,"C:\\Users\\Neetu patel\\OneDrive\\Desktop\\Odoo_2026\\Odoo-Hackathon-2026\\backend\\utils\\asyncHandler.js": {"path":"C:\\Users\\Neetu patel\\OneDrive\\Desktop\\Odoo_2026\\Odoo-Hackathon-2026\\backend\\utils\\asyncHandler.js","statementMap":{"0":{"start":{"line":1,"column":21},"end":{"line":3,"column":1}},"1":{"start":{"line":1,"column":29},"end":{"line":3,"column":1}},"2":{"start":{"line":2,"column":2},"end":{"line":2,"column":50}},"3":{"start":{"line":5,"column":0},"end":{"line":5,"column":30}}},"fnMap":{"0":{"name":"(anonymous_0)","decl":{"start":{"line":1,"column":21},"end":{"line":1,"column":22}},"loc":{"start":{"line":1,"column":29},"end":{"line":3,"column":1}},"line":1},"1":{"name":"(anonymous_1)","decl":{"start":{"line":1,"column":29},"end":{"line":1,"column":30}},"loc":{"start":{"line":1,"column":49},"end":{"line":3,"column":1}},"line":1}},"branchMap":{},"s":{"0":2,"1":42,"2":4,"3":2},"f":{"0":42,"1":4},"b":{},"_coverageSchema":"1a1c01bbd47fc00a2c39e90264f33305004495a9","hash":"51f6a0dffcdaf218b01b21b4b73ca89581984909"}
,"C:\\Users\\Neetu patel\\OneDrive\\Desktop\\Odoo_2026\\Odoo-Hackathon-2026\\backend\\utils\\cache.js": {"path":"C:\\Users\\Neetu patel\\OneDrive\\Desktop\\Odoo_2026\\Odoo-Hackathon-2026\\backend\\utils\\cache.js","statementMap":{"0":{"start":{"line":1,"column":18},"end":{"line":1,"column":39}},"1":{"start":{"line":5,"column":4},"end":{"line":9,"column":7}},"2":{"start":{"line":13,"column":4},"end":{"line":13,"column":31}},"3":{"start":{"line":17,"column":4},"end":{"line":17,"column":43}},"4":{"start":{"line":21,"column":4},"end":{"line":21,"column":31}},"5":{"start":{"line":25,"column":4},"end":{"line":25,"column":33}},"6":{"start":{"line":29,"column":4},"end":{"line":29,"column":33}},"7":{"start":{"line":34,"column":14},"end":{"line":34,"column":27}},"8":{"start":{"line":36,"column":0},"end":{"line":36,"column":23}}},"fnMap":{"0":{"name":"(anonymous_0)","decl":{"start":{"line":4,"column":2},"end":{"line":4,"column":3}},"loc":{"start":{"line":4,"column":31},"end":{"line":10,"column":3}},"line":4},"1":{"name":"(anonymous_1)","decl":{"start":{"line":12,"column":2},"end":{"line":12,"column":3}},"loc":{"start":{"line":12,"column":11},"end":{"line":14,"column":3}},"line":12},"2":{"name":"(anonymous_2)","decl":{"start":{"line":16,"column":2},"end":{"line":16,"column":3}},"loc":{"start":{"line":16,"column":23},"end":{"line":18,"column":3}},"line":16},"3":{"name":"(anonymous_3)","decl":{"start":{"line":20,"column":2},"end":{"line":20,"column":3}},"loc":{"start":{"line":20,"column":11},"end":{"line":22,"column":3}},"line":20},"4":{"name":"(anonymous_4)","decl":{"start":{"line":24,"column":2},"end":{"line":24,"column":3}},"loc":{"start":{"line":24,"column":13},"end":{"line":26,"column":3}},"line":24},"5":{"name":"(anonymous_5)","decl":{"start":{"line":28,"column":2},"end":{"line":28,"column":3}},"loc":{"start":{"line":28,"column":13},"end":{"line":30,"column":3}},"line":28}},"branchMap":{"0":{"loc":{"start":{"line":4,"column":14},"end":{"line":4,"column":29}},"type":"default-arg","locations":[{"start":{"line":4,"column":27},"end":{"line":4,"column":29}}],"line":4}},"s":{"0":5,"1":5,"2":3,"3":2,"4":0,"5":6,"6":2,"7":5,"8":5},"f":{"0":5,"1":3,"2":2,"3":0,"4":6,"5":2},"b":{"0":[0]},"_coverageSchema":"1a1c01bbd47fc00a2c39e90264f33305004495a9","hash":"041a366de0f9bf6383cb2fea0b92f2a359f6a1d6"}
,"C:\\Users\\Neetu patel\\OneDrive\\Desktop\\Odoo_2026\\Odoo-Hackathon-2026\\backend\\utils\\stateMachine.js": {"path":"C:\\Users\\Neetu patel\\OneDrive\\Desktop\\Odoo_2026\\Odoo-Hackathon-2026\\backend\\utils\\stateMachine.js","statementMap":{"0":{"start":{"line":1,"column":20},"end":{"line":7,"column":1}},"1":{"start":{"line":9,"column":22},"end":{"line":11,"column":1}},"2":{"start":{"line":10,"column":2},"end":{"line":10,"column":50}},"3":{"start":{"line":13,"column":0},"end":{"line":13,"column":35}}},"fnMap":{"0":{"name":"(anonymous_0)","decl":{"start":{"line":9,"column":22},"end":{"line":9,"column":23}},"loc":{"start":{"line":9,"column":36},"end":{"line":11,"column":1}},"line":9}},"branchMap":{"0":{"loc":{"start":{"line":10,"column":9},"end":{"line":10,"column":49}},"type":"binary-expr","locations":[{"start":{"line":10,"column":9},"end":{"line":10,"column":40}},{"start":{"line":10,"column":44},"end":{"line":10,"column":49}}],"line":10}},"s":{"0":2,"1":2,"2":2,"3":2},"f":{"0":2},"b":{"0":[2,1]},"_coverageSchema":"1a1c01bbd47fc00a2c39e90264f33305004495a9","hash":"67a0b1ded08926fdc83038795e8f7ee39d452c9e"}
,"C:\\Users\\Neetu patel\\OneDrive\\Desktop\\Odoo_2026\\Odoo-Hackathon-2026\\backend\\utils\\uploadToCloudinary.js": {"path":"C:\\Users\\Neetu patel\\OneDrive\\Desktop\\Odoo_2026\\Odoo-Hackathon-2026\\backend\\utils\\uploadToCloudinary.js","statementMap":{"0":{"start":{"line":1,"column":19},"end":{"line":1,"column":50}},"1":{"start":{"line":2,"column":21},"end":{"line":2,"column":59}},"2":{"start":{"line":3,"column":22},"end":{"line":3,"column":37}},"3":{"start":{"line":5,"column":21},"end":{"line":5,"column":65}},"4":{"start":{"line":7,"column":27},"end":{"line":21,"column":1}},"5":{"start":{"line":8,"column":2},"end":{"line":20,"column":3}},"6":{"start":{"line":9,"column":19},"end":{"line":15,"column":18}},"7":{"start":{"line":13,"column":6},"end":{"line":13,"column":29}},"8":{"start":{"line":13,"column":17},"end":{"line":13,"column":29}},"9":{"start":{"line":14,"column":6},"end":{"line":14,"column":20}},"10":{"start":{"line":17,"column":4},"end":{"line":17,"column":29}},"11":{"start":{"line":19,"column":4},"end":{"line":19,"column":67}},"12":{"start":{"line":23,"column":0},"end":{"line":23,"column":36}}},"fnMap":{"0":{"name":"(anonymous_0)","decl":{"start":{"line":7,"column":27},"end":{"line":7,"column":28}},"loc":{"start":{"line":7,"column":87},"end":{"line":21,"column":1}},"line":7},"1":{"name":"(anonymous_1)","decl":{"start":{"line":12,"column":7},"end":{"line":12,"column":8}},"loc":{"start":{"line":12,"column":26},"end":{"line":15,"column":5}},"line":12}},"branchMap":{"0":{"loc":{"start":{"line":7,"column":42},"end":{"line":7,"column":82}},"type":"default-arg","locations":[{"start":{"line":7,"column":51},"end":{"line":7,"column":82}}],"line":7},"1":{"loc":{"start":{"line":13,"column":6},"end":{"line":13,"column":29}},"type":"if","locations":[{"start":{"line":13,"column":6},"end":{"line":13,"column":29}},{"start":{},"end":{}}],"line":13}},"s":{"0":2,"1":2,"2":2,"3":2,"4":2,"5":0,"6":0,"7":0,"8":0,"9":0,"10":0,"11":0,"12":2},"f":{"0":0,"1":0},"b":{"0":[0],"1":[0,0]},"_coverageSchema":"1a1c01bbd47fc00a2c39e90264f33305004495a9","hash":"047e729c9f9bdf0975ef4acfbf6725c11b5ede57"}
,"C:\\Users\\Neetu patel\\OneDrive\\Desktop\\Odoo_2026\\Odoo-Hackathon-2026\\backend\\utils\\schemas\\badge.schema.js": {"path":"C:\\Users\\Neetu patel\\OneDrive\\Desktop\\Odoo_2026\\Odoo-Hackathon-2026\\backend\\utils\\schemas\\badge.schema.js","statementMap":{"0":{"start":{"line":1,"column":14},"end":{"line":1,"column":28}},"1":{"start":{"line":3,"column":26},"end":{"line":12,"column":2}},"2":{"start":{"line":14,"column":0},"end":{"line":16,"column":2}}},"fnMap":{},"branchMap":{},"s":{"0":2,"1":2,"2":2},"f":{},"b":{},"_coverageSchema":"1a1c01bbd47fc00a2c39e90264f33305004495a9","hash":"60addf169f48220622eb6b72c3272f19998a4ae0"}
,"C:\\Users\\Neetu patel\\OneDrive\\Desktop\\Odoo_2026\\Odoo-Hackathon-2026\\backend\\utils\\schemas\\challenge.schema.js": {"path":"C:\\Users\\Neetu patel\\OneDrive\\Desktop\\Odoo_2026\\Odoo-Hackathon-2026\\backend\\utils\\schemas\\challenge.schema.js","statementMap":{"0":{"start":{"line":1,"column":14},"end":{"line":1,"column":28}},"1":{"start":{"line":3,"column":30},"end":{"line":12,"column":2}},"2":{"start":{"line":14,"column":30},"end":{"line":24,"column":2}},"3":{"start":{"line":22,"column":18},"end":{"line":22,"column":46}},"4":{"start":{"line":26,"column":27},"end":{"line":28,"column":2}},"5":{"start":{"line":30,"column":0},"end":{"line":34,"column":2}}},"fnMap":{"0":{"name":"(anonymous_0)","decl":{"start":{"line":22,"column":10},"end":{"line":22,"column":11}},"loc":{"start":{"line":22,"column":18},"end":{"line":22,"column":46}},"line":22}},"branchMap":{},"s":{"0":2,"1":2,"2":2,"3":1,"4":2,"5":2},"f":{"0":1},"b":{},"_coverageSchema":"1a1c01bbd47fc00a2c39e90264f33305004495a9","hash":"94f895a048e27533bc9af446e54cd4d1ffeeb780"}
,"C:\\Users\\Neetu patel\\OneDrive\\Desktop\\Odoo_2026\\Odoo-Hackathon-2026\\backend\\utils\\schemas\\participation.schema.js": {"path":"C:\\Users\\Neetu patel\\OneDrive\\Desktop\\Odoo_2026\\Odoo-Hackathon-2026\\backend\\utils\\schemas\\participation.schema.js","statementMap":{"0":{"start":{"line":1,"column":14},"end":{"line":1,"column":28}},"1":{"start":{"line":3,"column":29},"end":{"line":5,"column":2}},"2":{"start":{"line":7,"column":31},"end":{"line":9,"column":2}},"3":{"start":{"line":11,"column":0},"end":{"line":14,"column":2}}},"fnMap":{},"branchMap":{},"s":{"0":2,"1":2,"2":2,"3":2},"f":{},"b":{},"_coverageSchema":"1a1c01bbd47fc00a2c39e90264f33305004495a9","hash":"e791abb456b298bbb0c6a1c90c8df2329183779b"}
,"C:\\Users\\Neetu patel\\OneDrive\\Desktop\\Odoo_2026\\Odoo-Hackathon-2026\\backend\\utils\\schemas\\reward.schema.js": {"path":"C:\\Users\\Neetu patel\\OneDrive\\Desktop\\Odoo_2026\\Odoo-Hackathon-2026\\backend\\utils\\schemas\\reward.schema.js","statementMap":{"0":{"start":{"line":1,"column":14},"end":{"line":1,"column":28}},"1":{"start":{"line":3,"column":27},"end":{"line":9,"column":2}},"2":{"start":{"line":11,"column":27},"end":{"line":13,"column":2}},"3":{"start":{"line":15,"column":0},"end":{"line":18,"column":2}}},"fnMap":{},"branchMap":{},"s":{"0":2,"1":2,"2":2,"3":2},"f":{},"b":{},"_coverageSchema":"1a1c01bbd47fc00a2c39e90264f33305004495a9","hash":"033aaf457e3ffeadfd84774cf1337d858890edf5"}
}
