TN:
SF:app.js
FN:55,(anonymous_0)
FN:61,(anonymous_1)
FNF:2
FNH:1
FNDA:4,(anonymous_0)
FNDA:0,(anonymous_1)
DA:1,2
DA:2,2
DA:3,2
DA:4,2
DA:5,2
DA:6,2
DA:7,2
DA:8,2
DA:9,2
DA:11,2
DA:14,2
DA:17,2
DA:36,2
DA:39,2
DA:40,2
DA:43,2
DA:44,0
DA:48,2
DA:51,2
DA:55,4
DA:58,2
DA:61,2
DA:62,0
DA:66,2
DA:67,2
DA:68,2
DA:69,2
DA:70,2
DA:71,2
DA:74,2
DA:76,2
LF:31
LH:29
BRDA:36,0,0,2
BRDA:36,0,1,0
BRDA:43,1,0,0
BRDA:43,1,1,2
BRDA:53,2,0,2
BRDA:53,2,1,0
BRDA:55,3,0,4
BRDA:55,3,1,0
BRDA:55,3,2,0
BRF:9
BRH:4
end_of_record
TN:
SF:config\cloudinary.js
FNF:0
FNH:0
DA:1,2
DA:3,2
DA:9,2
LF:3
LH:3
BRF:0
BRH:0
end_of_record
TN:
SF:config\db.js
FNF:0
FNH:0
DA:1,7
DA:5,7
DA:6,0
DA:9,7
DA:10,7
DA:12,7
DA:15,7
LF:7
LH:6
BRDA:5,0,0,0
BRDA:5,0,1,7
BRDA:9,1,0,7
BRDA:9,1,1,0
BRF:4
BRH:2
end_of_record
TN:
SF:config\multer.js
FN:5,(anonymous_0)
FNF:1
FNH:0
FNDA:0,(anonymous_0)
DA:1,2
DA:3,2
DA:5,2
DA:6,0
DA:7,0
DA:8,0
DA:10,0
DA:14,2
DA:22,2
LF:9
LH:5
BRDA:7,0,0,0
BRDA:7,0,1,0
BRF:2
BRH:0
end_of_record
TN:
SF:controllers\gamification\badge.controller.js
FN:5,(anonymous_0)
FN:10,(anonymous_1)
FN:15,(anonymous_2)
FNF:3
FNH:0
FNDA:0,(anonymous_0)
FNDA:0,(anonymous_1)
FNDA:0,(anonymous_2)
DA:1,2
DA:2,2
DA:3,2
DA:5,2
DA:6,0
DA:7,0
DA:10,2
DA:11,0
DA:12,0
DA:15,2
DA:16,0
DA:17,0
DA:20,2
LF:13
LH:7
BRF:0
BRH:0
end_of_record
TN:
SF:controllers\gamification\challenge.controller.js
FN:5,(anonymous_0)
FN:10,(anonymous_1)
FN:21,(anonymous_2)
FN:26,(anonymous_3)
FN:31,(anonymous_4)
FN:36,(anonymous_5)
FNF:6
FNH:3
FNDA:0,(anonymous_0)
FNDA:1,(anonymous_1)
FNDA:0,(anonymous_2)
FNDA:1,(anonymous_3)
FNDA:2,(anonymous_4)
FNDA:0,(anonymous_5)
DA:1,2
DA:2,2
DA:3,2
DA:5,2
DA:6,0
DA:7,0
DA:10,2
DA:11,1
DA:12,1
DA:18,1
DA:21,2
DA:22,0
DA:23,0
DA:26,2
DA:27,1
DA:28,0
DA:31,2
DA:32,2
DA:33,1
DA:36,2
DA:37,0
DA:38,0
DA:41,2
LF:23
LH:16
BRDA:13,0,0,0
BRDA:13,0,1,1
BRDA:14,1,0,0
BRDA:14,1,1,1
BRDA:15,2,0,1
BRDA:15,2,1,0
BRDA:16,3,0,1
BRDA:16,3,1,0
BRF:8
BRH:4
end_of_record
TN:
SF:controllers\gamification\leaderboard.controller.js
FN:5,(anonymous_0)
FNF:1
FNH:0
FNDA:0,(anonymous_0)
DA:1,2
DA:2,2
DA:3,2
DA:5,2
DA:6,0
DA:9,0
DA:10,0
DA:14,0
DA:20,0
DA:23,2
LF:10
LH:5
BRDA:9,0,0,0
BRDA:9,0,1,0
BRDA:11,1,0,0
BRDA:11,1,1,0
BRDA:15,2,0,0
BRDA:15,2,1,0
BRDA:16,3,0,0
BRDA:16,3,1,0
BRF:8
BRH:0
end_of_record
TN:
SF:controllers\gamification\notification.controller.js
FN:5,(anonymous_0)
FN:14,(anonymous_1)
FNF:2
FNH:0
FNDA:0,(anonymous_0)
FNDA:0,(anonymous_1)
DA:1,2
DA:2,2
DA:3,2
DA:5,2
DA:6,0
DA:7,0
DA:11,0
DA:14,2
DA:15,0
DA:16,0
DA:19,2
LF:11
LH:6
BRDA:8,0,0,0
BRDA:8,0,1,0
BRDA:9,1,0,0
BRDA:9,1,1,0
BRF:4
BRH:0
end_of_record
TN:
SF:controllers\gamification\participation.controller.js
FN:5,(anonymous_0)
FN:10,(anonymous_1)
FN:19,(anonymous_2)
FN:31,(anonymous_3)
FN:40,(anonymous_4)
FN:49,(anonymous_5)
FNF:6
FNH:0
FNDA:0,(anonymous_0)
FNDA:0,(anonymous_1)
FNDA:0,(anonymous_2)
FNDA:0,(anonymous_3)
FNDA:0,(anonymous_4)
FNDA:0,(anonymous_5)
DA:1,2
DA:2,2
DA:3,2
DA:5,2
DA:6,0
DA:7,0
DA:10,2
DA:11,0
DA:16,0
DA:19,2
DA:20,0
DA:21,0
DA:23,0
DA:28,0
DA:31,2
DA:32,0
DA:37,0
DA:40,2
DA:41,0
DA:46,0
DA:49,2
DA:50,0
DA:51,0
DA:55,0
DA:58,2
LF:25
LH:10
BRDA:20,0,0,0
BRDA:20,0,1,0
BRDA:52,1,0,0
BRDA:52,1,1,0
BRDA:53,2,0,0
BRDA:53,2,1,0
BRF:6
BRH:0
end_of_record
TN:
SF:controllers\gamification\reward.controller.js
FN:5,(anonymous_0)
FN:10,(anonymous_1)
FN:15,(anonymous_2)
FNF:3
FNH:0
FNDA:0,(anonymous_0)
FNDA:0,(anonymous_1)
FNDA:0,(anonymous_2)
DA:1,2
DA:2,2
DA:3,2
DA:5,2
DA:6,0
DA:7,0
DA:10,2
DA:11,0
DA:12,0
DA:15,2
DA:16,0
DA:17,0
DA:20,2
LF:13
LH:7
BRF:0
BRH:0
end_of_record
TN:
SF:middlewares\auth.js
FN:4,(anonymous_0)
FN:31,(anonymous_1)
FN:32,(anonymous_2)
FNF:3
FNH:3
FNDA:4,(anonymous_0)
FNDA:18,(anonymous_1)
FNDA:3,(anonymous_2)
DA:1,2
DA:2,2
DA:4,2
DA:5,4
DA:7,4
DA:8,0
DA:11,4
DA:13,4
DA:14,4
DA:15,4
DA:19,4
DA:21,0
DA:22,0
DA:24,0
DA:25,0
DA:27,0
DA:31,2
DA:32,18
DA:33,3
DA:34,0
DA:37,3
DA:38,0
DA:41,3
DA:45,2
LF:24
LH:16
BRDA:7,0,0,0
BRDA:7,0,1,4
BRDA:7,1,0,4
BRDA:7,1,1,4
BRDA:21,2,0,0
BRDA:21,2,1,0
BRDA:24,3,0,0
BRDA:24,3,1,0
BRDA:33,4,0,0
BRDA:33,4,1,3
BRDA:37,5,0,0
BRDA:37,5,1,3
BRF:12
BRH:5
end_of_record
TN:
SF:middlewares\errorHandler.js
FN:45,(anonymous_0)
FN:57,(anonymous_1)
FNF:2
FNH:2
FNDA:27,(anonymous_0)
FNDA:2,(anonymous_1)
DA:1,5
DA:2,5
DA:4,5
DA:10,5
DA:20,5
DA:21,0
DA:38,5
DA:46,27
DA:47,27
DA:48,27
DA:49,27
DA:50,0
DA:52,27
DA:57,5
DA:58,2
DA:60,2
DA:69,2
DA:70,2
DA:72,0
DA:73,0
DA:74,0
DA:80,2
DA:87,2
DA:90,5
LF:24
LH:19
BRDA:20,0,0,0
BRDA:20,0,1,5
BRDA:39,1,0,5
BRDA:39,1,1,5
BRDA:45,2,0,27
BRDA:45,3,0,27
BRDA:49,4,0,0
BRDA:49,4,1,27
BRDA:65,5,0,2
BRDA:65,5,1,0
BRDA:65,5,2,0
BRDA:69,6,0,2
BRDA:69,6,1,0
BRDA:84,7,0,2
BRDA:84,7,1,0
BRF:15
BRH:9
end_of_record
TN:
SF:middlewares\redeemRateLimiter.js
FN:6,(anonymous_0)
FNF:1
FNH:0
FNDA:0,(anonymous_0)
DA:1,2
DA:3,2
DA:6,0
DA:12,2
LF:4
LH:3
BRDA:6,0,0,0
BRDA:6,0,1,0
BRDA:6,0,2,0
BRDA:6,0,3,0
BRF:4
BRH:0
end_of_record
TN:
SF:middlewares\requestId.js
FN:3,(anonymous_0)
FNF:1
FNH:1
FNDA:4,(anonymous_0)
DA:1,2
DA:3,2
DA:4,4
DA:5,4
DA:6,4
DA:9,2
LF:6
LH:6
BRDA:4,0,0,4
BRDA:4,0,1,4
BRF:2
BRH:2
end_of_record
TN:
SF:middlewares\validate.js
FN:4,(anonymous_0)
FN:5,(anonymous_1)
FN:13,(anonymous_2)
FNF:3
FNH:2
FNDA:12,(anonymous_0)
FNDA:3,(anonymous_1)
FNDA:0,(anonymous_2)
DA:1,2
DA:2,2
DA:4,2
DA:5,12
DA:6,3
DA:7,3
DA:8,3
DA:9,3
DA:10,3
DA:12,0
DA:13,0
DA:17,0
DA:19,0
DA:24,2
LF:14
LH:10
BRDA:4,0,0,12
BRDA:12,1,0,0
BRDA:12,1,1,0
BRF:3
BRH:1
end_of_record
TN:
SF:routes\gamification\badge.routes.js
FNF:0
FNH:0
DA:1,2
DA:2,2
DA:3,2
DA:4,2
DA:5,2
DA:6,2
DA:8,2
DA:9,2
DA:10,2
DA:12,2
LF:10
LH:10
BRF:0
BRH:0
end_of_record
TN:
SF:routes\gamification\challenge.routes.js
FNF:0
FNH:0
DA:1,2
DA:2,2
DA:3,2
DA:4,2
DA:5,2
DA:6,2
DA:8,2
DA:9,2
DA:10,2
DA:11,2
DA:12,2
DA:13,2
DA:15,2
LF:13
LH:13
BRF:0
BRH:0
end_of_record
TN:
SF:routes\gamification\leaderboard.routes.js
FNF:0
FNH:0
DA:1,2
DA:2,2
DA:3,2
DA:4,2
DA:6,2
DA:8,2
LF:6
LH:6
BRF:0
BRH:0
end_of_record
TN:
SF:routes\gamification\notification.routes.js
FNF:0
FNH:0
DA:1,2
DA:2,2
DA:3,2
DA:4,2
DA:6,2
DA:7,2
DA:9,2
LF:7
LH:7
BRF:0
BRH:0
end_of_record
TN:
SF:routes\gamification\participation.routes.js
FNF:0
FNH:0
DA:1,2
DA:2,2
DA:3,2
DA:4,2
DA:5,2
DA:6,2
DA:7,2
DA:9,2
DA:10,2
DA:11,2
DA:12,2
DA:13,2
DA:14,2
DA:16,2
LF:14
LH:14
BRF:0
BRH:0
end_of_record
TN:
SF:routes\gamification\reward.routes.js
FNF:0
FNH:0
DA:1,2
DA:2,2
DA:3,2
DA:4,2
DA:5,2
DA:6,2
DA:7,2
DA:9,2
DA:10,2
DA:11,2
DA:13,2
LF:11
LH:11
BRF:0
BRH:0
end_of_record
TN:
SF:services\notification.service.js
FN:7,(anonymous_0)
FN:30,(anonymous_1)
FN:54,(anonymous_2)
FNF:3
FNH:3
FNDA:7,(anonymous_0)
FNDA:1,(anonymous_1)
FNDA:3,(anonymous_2)
DA:5,6
DA:7,6
DA:8,7
DA:9,7
DA:18,6
DA:23,6
DA:25,1
DA:30,6
DA:31,1
DA:33,1
DA:43,1
DA:54,6
DA:55,3
DA:59,3
DA:60,1
DA:63,2
DA:64,1
DA:67,1
DA:72,1
DA:75,6
LF:20
LH:20
BRDA:30,0,0,0
BRDA:30,1,0,0
BRDA:59,2,0,1
BRDA:59,2,1,2
BRDA:63,3,0,1
BRDA:63,3,1,1
BRF:6
BRH:4
end_of_record
TN:
SF:services\gamification\badge.service.js
FN:5,(anonymous_0)
FN:38,(anonymous_1)
FN:38,(anonymous_2)
FN:104,(anonymous_3)
FN:129,(anonymous_4)
FN:136,(anonymous_5)
FN:145,(anonymous_6)
FNF:7
FNH:3
FNDA:6,(anonymous_0)
FNDA:6,(anonymous_1)
FNDA:0,(anonymous_2)
FNDA:2,(anonymous_3)
FNDA:0,(anonymous_4)
FNDA:0,(anonymous_5)
FNDA:0,(anonymous_6)
DA:1,4
DA:2,4
DA:3,4
DA:5,4
DA:7,6
DA:23,6
DA:24,0
DA:27,6
DA:33,6
DA:38,6
DA:40,6
DA:47,6
DA:48,23
DA:49,23
DA:51,23
DA:52,0
DA:53,0
DA:56,23
DA:57,23
DA:59,23
DA:60,23
DA:62,0
DA:63,0
DA:65,0
DA:66,0
DA:68,0
DA:69,0
DA:71,0
DA:72,0
DA:74,0
DA:75,0
DA:78,23
DA:79,6
DA:80,6
DA:87,2
DA:93,4
DA:95,4
DA:97,0
DA:104,4
DA:106,2
DA:107,2
DA:108,2
DA:110,2
DA:111,1
DA:114,1
DA:115,1
DA:118,0
DA:119,0
DA:122,0
DA:126,0
DA:129,4
DA:130,0
DA:133,0
DA:136,4
DA:137,0
DA:145,0
DA:151,4
LF:57
LH:35
BRDA:23,0,0,0
BRDA:23,0,1,6
BRDA:51,1,0,0
BRDA:51,1,1,23
BRDA:57,2,0,23
BRDA:57,2,1,0
BRDA:57,2,2,0
BRDA:57,2,3,0
BRDA:57,2,4,0
BRDA:57,2,5,0
BRDA:78,3,0,6
BRDA:78,3,1,17
BRDA:93,4,0,4
BRDA:93,4,1,0
BRDA:110,5,0,1
BRDA:110,5,1,1
BRDA:114,6,0,1
BRDA:114,6,1,0
BRDA:118,7,0,0
BRDA:118,7,1,0
BRDA:118,8,0,0
BRDA:118,8,1,0
BRF:22
BRH:9
end_of_record
TN:
SF:services\gamification\challenge.service.js
FN:5,(anonymous_0)
FN:19,(anonymous_1)
FN:50,(anonymous_2)
FN:66,(anonymous_3)
FN:90,(anonymous_4)
FN:114,(anonymous_5)
FNF:6
FNH:3
FNDA:0,(anonymous_0)
FNDA:1,(anonymous_1)
FNDA:0,(anonymous_2)
FNDA:1,(anonymous_3)
FNDA:2,(anonymous_4)
FNDA:0,(anonymous_5)
DA:1,2
DA:2,2
DA:3,2
DA:5,2
DA:6,0
DA:16,0
DA:19,2
DA:20,1
DA:22,1
DA:23,1
DA:24,1
DA:26,1
DA:39,1
DA:50,2
DA:51,0
DA:59,0
DA:60,0
DA:63,0
DA:66,2
DA:67,1
DA:71,1
DA:72,0
DA:75,1
DA:76,1
DA:79,0
DA:87,0
DA:90,2
DA:91,2
DA:95,2
DA:96,0
DA:99,2
DA:100,1
DA:103,1
DA:111,1
DA:114,2
DA:115,0
DA:124,0
DA:125,0
DA:128,0
DA:129,0
DA:132,0
DA:133,0
DA:136,0
DA:140,0
DA:143,2
LF:45
LH:26
BRDA:19,0,0,0
BRDA:19,1,0,0
BRDA:23,2,0,0
BRDA:23,2,1,1
BRDA:24,3,0,0
BRDA:24,3,1,1
BRDA:59,4,0,0
BRDA:59,4,1,0
BRDA:71,5,0,0
BRDA:71,5,1,1
BRDA:75,6,0,1
BRDA:75,6,1,0
BRDA:95,7,0,0
BRDA:95,7,1,2
BRDA:99,8,0,1
BRDA:99,8,1,1
BRDA:124,9,0,0
BRDA:124,9,1,0
BRDA:128,10,0,0
BRDA:128,10,1,0
BRDA:132,11,0,0
BRDA:132,11,1,0
BRF:22
BRH:7
end_of_record
TN:
SF:services\gamification\leaderboard.service.js
FN:5,(anonymous_0)
FN:51,(anonymous_1)
FN:62,(anonymous_2)
FN:87,(anonymous_3)
FN:100,(anonymous_4)
FNF:5
FNH:3
FNDA:3,(anonymous_0)
FNDA:40,(anonymous_1)
FNDA:0,(anonymous_2)
FNDA:0,(anonymous_3)
FNDA:3,(anonymous_4)
DA:1,5
DA:2,5
DA:3,5
DA:5,5
DA:6,3
DA:9,3
DA:10,3
DA:11,1
DA:15,2
DA:17,2
DA:18,0
DA:34,2
DA:50,2
DA:51,40
DA:57,2
DA:59,2
DA:62,5
DA:63,0
DA:66,0
DA:67,0
DA:68,0
DA:71,0
DA:86,0
DA:87,0
DA:95,0
DA:97,0
DA:100,5
DA:101,3
DA:104,5
LF:29
LH:19
BRDA:5,0,0,0
BRDA:6,1,0,3
BRDA:6,1,1,3
BRDA:10,2,0,1
BRDA:10,2,1,2
BRDA:17,3,0,0
BRDA:17,3,1,2
BRDA:53,4,0,40
BRDA:53,4,1,0
BRDA:62,5,0,0
BRDA:67,6,0,0
BRDA:67,6,1,0
BRDA:89,7,0,0
BRDA:89,7,1,0
BRDA:90,8,0,0
BRDA:90,8,1,0
BRDA:91,9,0,0
BRDA:91,9,1,0
BRF:18
BRH:6
end_of_record
TN:
SF:services\gamification\participation.service.js
FN:8,(anonymous_0)
FN:40,(anonymous_1)
FN:63,(anonymous_2)
FN:89,(anonymous_3)
FN:107,(anonymous_4)
FN:175,(anonymous_5)
FNF:6
FNH:6
FNDA:3,(anonymous_0)
FNDA:2,(anonymous_1)
FNDA:1,(anonymous_2)
FNDA:3,(anonymous_3)
FNDA:1,(anonymous_4)
FNDA:1,(anonymous_5)
DA:1,3
DA:2,3
DA:3,3
DA:4,3
DA:5,3
DA:6,3
DA:8,3
DA:9,3
DA:13,3
DA:14,0
DA:17,3
DA:18,1
DA:21,2
DA:22,2
DA:31,1
DA:33,1
DA:34,1
DA:36,0
DA:40,3
DA:41,2
DA:45,2
DA:46,0
DA:49,2
DA:50,1
DA:53,1
DA:55,1
DA:60,1
DA:63,3
DA:64,1
DA:71,1
DA:72,0
DA:75,1
DA:76,0
DA:79,1
DA:81,1
DA:86,1
DA:89,3
DA:90,3
DA:98,3
DA:99,1
DA:102,2
DA:103,1
DA:104,0
DA:107,1
DA:109,1
DA:119,1
DA:129,1
DA:140,1
DA:141,1
DA:143,0
DA:146,1
DA:153,1
DA:154,1
DA:155,1
DA:160,1
DA:166,2
DA:175,3
DA:176,1
DA:178,1
DA:191,1
DA:202,3
LF:61
LH:54
BRDA:13,0,0,0
BRDA:13,0,1,3
BRDA:17,1,0,1
BRDA:17,1,1,2
BRDA:33,2,0,1
BRDA:33,2,1,0
BRDA:45,3,0,0
BRDA:45,3,1,2
BRDA:49,4,0,1
BRDA:49,4,1,1
BRDA:71,5,0,0
BRDA:71,5,1,1
BRDA:75,6,0,0
BRDA:75,6,1,1
BRDA:98,7,0,1
BRDA:98,7,1,2
BRDA:102,8,0,1
BRDA:102,8,1,1
BRDA:103,9,0,0
BRDA:103,9,1,1
BRDA:103,10,0,1
BRDA:103,10,1,0
BRDA:154,11,0,1
BRDA:154,11,1,0
BRDA:175,12,0,0
BRDA:175,13,0,0
BRF:26
BRH:16
end_of_record
TN:
SF:services\gamification\reward.service.js
FN:7,(anonymous_0)
FN:15,(anonymous_1)
FN:22,(anonymous_2)
FN:30,(anonymous_3)
FN:31,(anonymous_4)
FNF:5
FNH:2
FNDA:0,(anonymous_0)
FNDA:0,(anonymous_1)
FNDA:0,(anonymous_2)
FNDA:20,(anonymous_3)
FNDA:20,(anonymous_4)
DA:1,3
DA:2,3
DA:3,3
DA:4,3
DA:5,3
DA:7,3
DA:8,0
DA:12,0
DA:15,3
DA:16,0
DA:19,0
DA:22,3
DA:23,0
DA:27,0
DA:30,3
DA:31,20
DA:33,20
DA:37,20
DA:38,0
DA:41,20
DA:42,0
DA:45,20
DA:46,0
DA:50,20
DA:55,20
DA:57,20
DA:58,0
DA:62,20
DA:68,20
DA:69,19
DA:73,1
DA:83,1
DA:93,1
DA:105,1
DA:109,1
DA:116,1
DA:118,1
DA:121,3
LF:38
LH:28
BRDA:37,0,0,0
BRDA:37,0,1,20
BRDA:41,1,0,0
BRDA:41,1,1,20
BRDA:45,2,0,0
BRDA:45,2,1,20
BRDA:55,3,0,20
BRDA:55,3,1,0
BRDA:57,4,0,0
BRDA:57,4,1,20
BRDA:68,5,0,19
BRDA:68,5,1,1
BRF:12
BRH:7
end_of_record
TN:
SF:tests\mocks\uuid.js
FN:2,(anonymous_0)
FNF:1
FNH:1
FNDA:4,(anonymous_0)
DA:1,2
DA:2,4
LF:2
LH:2
BRF:0
BRH:0
end_of_record
TN:
SF:utils\apiResponse.js
FN:1,(anonymous_0)
FNF:1
FNH:1
FNDA:2,(anonymous_0)
DA:1,2
DA:2,2
DA:7,2
DA:8,2
DA:11,2
DA:12,1
DA:15,2
DA:18,2
LF:8
LH:8
BRDA:1,0,0,0
BRDA:1,1,0,1
BRDA:7,2,0,2
BRDA:7,2,1,0
BRDA:11,3,0,1
BRDA:11,3,1,1
BRF:6
BRH:4
end_of_record
TN:
SF:utils\asyncHandler.js
FN:1,(anonymous_0)
FN:1,(anonymous_1)
FNF:2
FNH:2
FNDA:42,(anonymous_0)
FNDA:4,(anonymous_1)
DA:1,42
DA:2,4
DA:5,2
LF:3
LH:3
BRF:0
BRH:0
end_of_record
TN:
SF:utils\cache.js
FN:4,(anonymous_0)
FN:12,(anonymous_1)
FN:16,(anonymous_2)
FN:20,(anonymous_3)
FN:24,(anonymous_4)
FN:28,(anonymous_5)
FNF:6
FNH:5
FNDA:5,(anonymous_0)
FNDA:3,(anonymous_1)
FNDA:2,(anonymous_2)
FNDA:0,(anonymous_3)
FNDA:6,(anonymous_4)
FNDA:2,(anonymous_5)
DA:1,5
DA:5,5
DA:13,3
DA:17,2
DA:21,0
DA:25,6
DA:29,2
DA:34,5
DA:36,5
LF:9
LH:8
BRDA:4,0,0,0
BRF:1
BRH:0
end_of_record
TN:
SF:utils\stateMachine.js
FN:9,(anonymous_0)
FNF:1
FNH:1
FNDA:2,(anonymous_0)
DA:1,2
DA:9,2
DA:10,2
DA:13,2
LF:4
LH:4
BRDA:10,0,0,2
BRDA:10,0,1,1
BRF:2
BRH:2
end_of_record
TN:
SF:utils\uploadToCloudinary.js
FN:7,(anonymous_0)
FN:12,(anonymous_1)
FNF:2
FNH:0
FNDA:0,(anonymous_0)
FNDA:0,(anonymous_1)
DA:1,2
DA:2,2
DA:3,2
DA:5,2
DA:7,2
DA:8,0
DA:9,0
DA:13,0
DA:14,0
DA:17,0
DA:19,0
DA:23,2
LF:12
LH:6
BRDA:7,0,0,0
BRDA:13,1,0,0
BRDA:13,1,1,0
BRF:3
BRH:0
end_of_record
TN:
SF:utils\schemas\badge.schema.js
FNF:0
FNH:0
DA:1,2
DA:3,2
DA:14,2
LF:3
LH:3
BRF:0
BRH:0
end_of_record
TN:
SF:utils\schemas\challenge.schema.js
FN:22,(anonymous_0)
FNF:1
FNH:1
FNDA:1,(anonymous_0)
DA:1,2
DA:3,2
DA:14,2
DA:22,1
DA:26,2
DA:30,2
LF:6
LH:6
BRF:0
BRH:0
end_of_record
TN:
SF:utils\schemas\participation.schema.js
FNF:0
FNH:0
DA:1,2
DA:3,2
DA:7,2
DA:11,2
LF:4
LH:4
BRF:0
BRH:0
end_of_record
TN:
SF:utils\schemas\reward.schema.js
FNF:0
FNH:0
DA:1,2
DA:3,2
DA:11,2
DA:15,2
LF:4
LH:4
BRF:0
BRH:0
end_of_record
